[2019-05-27 20:56:24,669] - logger.py] - INFO: 开始测试########################################################################################################################################################################################################
[2019-05-27 20:56:24,670] - logger.py] - INFO: 请求参数:{'email': 'hzsyy@tairanchina.com', 'password': 'ats123456', 'appId': 'uccc652d2d13a2e131'}
[2019-05-27 20:56:24,930] - logger.py] - INFO: 期望结果：hzsyy@tairanchina.com
[2019-05-27 20:56:24,932] - logger.py] - INFO: 实际结果：{"code":"200","message":"","body":{"ident":"hzsyy@tairanchina.com","userId":"5bbe96ca2b594567aa9ce061b906d739","token":"eyJ0eXAiOiJKV1QiLCJhbGciOiJSUzI1NiJ9.eyJzdWIiOiI1YmJlOTZjYTJiNTk0NTY3YWE5Y2UwNjFiOTA2ZDczOSIsImF1ZCI6WyJ1Y2NjNjUyZDJkMTNhMmUxMzEiLCJ1Y2VudGVyIl0sImlfdiI6MTU1NjE1NzQ4MTAwMCwiaWRlbnRfaWQiOjI5MzYzNTg1NDU3NzY2NCwibmJmIjoxNTU4OTYxNzk1LCJwX3YiOjE1NTYxNTc0ODEwMDAsImlzcyI6InVjZW50ZXIiLCJleHAiOjE1NTkwNDgxOTUsInR5cGUiOjEsImlhdCI6MTU1ODk2MTc5NSwianRpIjoiMTYxNDc1NjQ3NzY5ODA0OCJ9.R2RT-0DwYTBDyuK0tzZV-b2GZNFPxJJ_vnyFvCOUKj2NHXvleols0iBAb5Qi6UtcwCaVFqfIjmXtTuI5dgPfTdCx2gm3rG_aD5c4Xqr_GLAOM0e-32ZmBgEWUZx8BvRD1EOCDBMmDFEDj109mROjTMGhxepAjZFvQ8Os1dhVyzU","avatar":null,"nickName":"","isNew":false,"extraInfo":null,"warning":false}}
[2019-05-27 20:56:24,935] - logger.py] - INFO: 测试结束########################################################################################################################################################################################################
[2019-05-27 20:56:24,938] - logger.py] - INFO: 开始测试########################################################################################################################################################################################################
[2019-05-27 20:56:24,939] - logger.py] - INFO: 请求参数:{'email': 'hzjxin@tairanchina.com', 'password': 'ats123456', 'appId': 'uccc652d2d13a2e131'}
[2019-05-27 20:56:25,041] - logger.py] - INFO: 期望结果：hzjxin@tairanchina.com
[2019-05-27 20:56:25,044] - logger.py] - INFO: 实际结果：{"code":"200","message":"","body":{"ident":"hzjxin@tairanchina.com","userId":"40f90f0d0b9e40b6ba17f6cb288500c0","token":"eyJ0eXAiOiJKV1QiLCJhbGciOiJSUzI1NiJ9.eyJzdWIiOiI0MGY5MGYwZDBiOWU0MGI2YmExN2Y2Y2IyODg1MDBjMCIsImF1ZCI6WyJ1Y2NjNjUyZDJkMTNhMmUxMzEiLCJ1Y2VudGVyIl0sImlfdiI6MTU0NTExNzI4OTAwMCwiaWRlbnRfaWQiOjEwMzM0Nzg3Mjg3NDQ5NiwibmJmIjoxNTU4OTYxNzk1LCJwX3YiOjE1NDUxMTcyODkwMDAsImlzcyI6InVjZW50ZXIiLCJleHAiOjE1NTkwNDgxOTUsInR5cGUiOjEsImlhdCI6MTU1ODk2MTc5NSwianRpIjoiMTYxNTA1OTYzODgzMzE1MiJ9.ZRzfR5FeH_uWzRicGIA8UxSBb6XbgXI8Q7WJHq2eTRb3onVcHebyxDM6y-2oiYtfObwX-CXQFJ1avsBhekvx7XJ19UwsY_WNU6diSsseXMoY5xwzpwqKEPZmHFIcNwZLBMia9CwkoD92Nvn9Jn02BwIVxeB-oVPJXlWyJERNRvI","avatar":null,"nickName":"","isNew":false,"extraInfo":null,"warning":false}}
[2019-05-27 20:56:25,047] - logger.py] - INFO: 测试结束########################################################################################################################################################################################################
[2019-05-27 20:56:25,049] - logger.py] - INFO: 开始测试########################################################################################################################################################################################################
[2019-05-27 20:56:25,052] - logger.py] - INFO: 请求参数:{'email': '18042477732@163.com', 'password': 'ats123456', 'appId': 'uccc652d2d13a2e131'}
[2019-05-27 20:56:25,191] - logger.py] - INFO: 期望结果：18042477732@163.com
[2019-05-27 20:56:25,193] - logger.py] - INFO: 实际结果：{"code":"200","message":"","body":{"ident":"18042477732@163.com","userId":"cdb53eb2ddcb4c06ab37502568f212cd","token":"eyJ0eXAiOiJKV1QiLCJhbGciOiJSUzI1NiJ9.eyJzdWIiOiJjZGI1M2ViMmRkY2I0YzA2YWIzNzUwMjU2OGYyMTJjZCIsImF1ZCI6WyJ1Y2NjNjUyZDJkMTNhMmUxMzEiLCJ1Y2VudGVyIl0sImlfdiI6MTU1NDE3MjQ3NzAwMCwiaWRlbnRfaWQiOjE2MjQ1Nzk5MDcwMDIzNjgsIm5iZiI6MTU1ODk2MTc5NSwicF92IjoxNTU0MTcyNDc3MDAwLCJpc3MiOiJ1Y2VudGVyIiwiZXhwIjoxNTU5MDQ4MTk1LCJ0eXBlIjoxLCJpYXQiOjE1NTg5NjE3OTUsImp0aSI6IjE2MTUwNjAwNzkyMzUwNzIifQ.TO3cfS_LS13X2pHJp4H38A9vyvI4P_8MXxnhilVb9txcA1U4K7PLPYpSYBH_qDBVytMEVg9IYWoqqxz2P2DUEp-OYw9d7mlfZU-P2dd8APTYFWdZebx2PegU7-8la2o6ByttC3PIpeMkcGqgpPMtte2IRlA4-_5GrTU_wBVbU-s","avatar":null,"nickName":"","isNew":false,"extraInfo":null,"warning":false}}
[2019-05-27 20:56:25,196] - logger.py] - INFO: 测试结束########################################################################################################################################################################################################
[2019-05-27 20:56:25,198] - logger.py] - INFO: 开始测试########################################################################################################################################################################################################
[2019-05-27 20:56:25,200] - logger.py] - INFO: 请求参数:{'email': '18042477732q@163.com', 'password': 'ats123456', 'appId': 'uccc652d2d13a2e131'}
[2019-05-27 20:56:25,233] - logger.py] - INFO: 期望结果：邮箱[18042477732q@163.com]不存在
[2019-05-27 20:56:25,234] - logger.py] - INFO: 实际结果：{"code":"2043279d62f64de5a6c","message":"邮箱[18042477732q@163.com]不存在","body":null}
[2019-05-27 20:56:25,236] - logger.py] - INFO: 测试结束########################################################################################################################################################################################################
[2019-05-27 20:56:25,237] - logger.py] - INFO: 开始测试########################################################################################################################################################################################################
[2019-05-27 20:56:25,238] - logger.py] - INFO: 请求参数:{'email': None, 'password': 'ats123456', 'appId': 'uccc652d2d13a2e131'}
[2019-05-27 20:56:25,256] - logger.py] - INFO: 期望结果：邮箱账号不能为空
[2019-05-27 20:56:25,258] - logger.py] - INFO: 实际结果：{"code":"2024e37953be33c6fed","message":"邮箱账号不能为空","body":null}
[2019-05-27 20:56:25,259] - logger.py] - INFO: 测试结束########################################################################################################################################################################################################
[2019-05-27 20:56:25,261] - logger.py] - INFO: 开始测试########################################################################################################################################################################################################
[2019-05-27 20:56:25,262] - logger.py] - INFO: 请求参数:{'email': '18042477732@163.com', 'password': None, 'appId': 'uccc652d2d13a2e131'}
[2019-05-27 20:56:25,280] - logger.py] - INFO: 期望结果：密码不能为空
[2019-05-27 20:56:25,282] - logger.py] - INFO: 实际结果：{"code":"202bfb3510565a32a76","message":"密码不能为空","body":null}
[2019-05-27 20:56:25,284] - logger.py] - INFO: 测试结束########################################################################################################################################################################################################
[2019-05-27 20:56:25,285] - logger.py] - INFO: 开始测试########################################################################################################################################################################################################
[2019-05-27 20:56:25,286] - logger.py] - INFO: 请求参数:{'email': '18458215675@163.com', 'password': 'ats123456', 'appId': 'uccc652d2d13a2e131'}
[2019-05-27 20:56:25,310] - logger.py] - INFO: 期望结果：邮箱[18458215675@163.com]不存在
[2019-05-27 20:56:25,312] - logger.py] - INFO: 实际结果：{"code":"2043279d62f64de5a6c","message":"邮箱[18458215675@163.com]不存在","body":null}
[2019-05-27 20:56:25,313] - logger.py] - INFO: 测试结束########################################################################################################################################################################################################
[2019-05-27 20:56:25,315] - logger.py] - INFO: 开始测试########################################################################################################################################################################################################
[2019-05-27 20:56:25,317] - logger.py] - INFO: 请求参数:{'email': None, 'password': None, 'appId': 'uccc652d2d13a2e131'}
[2019-05-27 20:56:25,333] - logger.py] - INFO: 期望结果：邮箱账号不能为空
[2019-05-27 20:56:25,334] - logger.py] - INFO: 实际结果：{"code":"2024e37953be33c6fed","message":"邮箱账号不能为空","body":null}
[2019-05-27 20:56:25,335] - logger.py] - INFO: 测试结束########################################################################################################################################################################################################
[2019-05-27 20:58:20,480] - logger.py] - INFO: 开始测试########################################################################################################################################################################################################
[2019-05-27 20:58:20,481] - logger.py] - INFO: 请求参数:{'email': 'hzsyy@tairanchina.com', 'password': 'ats123456', 'appId': 'uccc652d2d13a2e131'}
[2019-05-27 20:58:20,663] - logger.py] - INFO: 期望结果：hzsyy@tairanchina.com
[2019-05-27 20:58:20,666] - logger.py] - INFO: 实际结果：{"code":"200","message":"","body":{"ident":"hzsyy@tairanchina.com","userId":"5bbe96ca2b594567aa9ce061b906d739","token":"eyJ0eXAiOiJKV1QiLCJhbGciOiJSUzI1NiJ9.eyJzdWIiOiI1YmJlOTZjYTJiNTk0NTY3YWE5Y2UwNjFiOTA2ZDczOSIsImF1ZCI6WyJ1Y2NjNjUyZDJkMTNhMmUxMzEiLCJ1Y2VudGVyIl0sImlfdiI6MTU1NjE1NzQ4MTAwMCwiaWRlbnRfaWQiOjI5MzYzNTg1NDU3NzY2NCwibmJmIjoxNTU4OTYxOTEwLCJwX3YiOjE1NTYxNTc0ODEwMDAsImlzcyI6InVjZW50ZXIiLCJleHAiOjE1NTkwNDgzMTAsInR5cGUiOjEsImlhdCI6MTU1ODk2MTkxMCwianRpIjoiMTYxNTI0MTc5MjIyNTI4MCJ9.THKOPe5gEWgxBob-c4EO1WBfjvFqD-2k1l31Dvzk7q4PB8LaUGN9QUjdTd-ved6vWzQP9Fri-CSpAhy6NNz360uwOT9DB1Rymn0DxfQ0GQHSXVUGhyeN5WHfzMgxYxKLNThPJtuH0UyMsYNUqwwyOD_omMUJUobk97-MV8pwBU8","avatar":null,"nickName":"","isNew":false,"extraInfo":null,"warning":false}}
[2019-05-27 20:58:20,669] - logger.py] - INFO: 测试结束########################################################################################################################################################################################################
[2019-05-27 20:58:20,671] - logger.py] - INFO: 开始测试########################################################################################################################################################################################################
[2019-05-27 20:58:20,674] - logger.py] - INFO: 请求参数:{'email': 'hzjxin@tairanchina.com', 'password': 'ats123456', 'appId': 'uccc652d2d13a2e131'}
[2019-05-27 20:58:20,935] - logger.py] - INFO: 期望结果：hzjxin@tairanchina.com
[2019-05-27 20:58:20,937] - logger.py] - INFO: 实际结果：{"code":"200","message":"","body":{"ident":"hzjxin@tairanchina.com","userId":"40f90f0d0b9e40b6ba17f6cb288500c0","token":"eyJ0eXAiOiJKV1QiLCJhbGciOiJSUzI1NiJ9.eyJzdWIiOiI0MGY5MGYwZDBiOWU0MGI2YmExN2Y2Y2IyODg1MDBjMCIsImF1ZCI6WyJ1Y2NjNjUyZDJkMTNhMmUxMzEiLCJ1Y2VudGVyIl0sImlfdiI6MTU0NTExNzI4OTAwMCwiaWRlbnRfaWQiOjEwMzM0Nzg3Mjg3NDQ5NiwibmJmIjoxNTU4OTYxOTExLCJwX3YiOjE1NDUxMTcyODkwMDAsImlzcyI6InVjZW50ZXIiLCJleHAiOjE1NTkwNDgzMTEsInR5cGUiOjEsImlhdCI6MTU1ODk2MTkxMSwianRpIjoiMTYxNTU0NTcyOTMwNjYyNCJ9.rd2U5w_tzNCXXyRXNhnmsnFdBUdkmVxELrHC5-X29Bw6fHOqRjZ9uKe06PORvx7K0aPbLj-OO8Av5moD3WcT_Gkd4dfKnEbUMUGJte0CbEaFE-f8r-zjJz5YZ9IeR2QgIxTLpN2Pl3Ed1Kba4nqg8Ai7oHZ9xgubWtJKbQyKLTw","avatar":null,"nickName":"","isNew":false,"extraInfo":null,"warning":false}}
[2019-05-27 20:58:20,940] - logger.py] - INFO: 测试结束########################################################################################################################################################################################################
[2019-05-27 20:58:20,943] - logger.py] - INFO: 开始测试########################################################################################################################################################################################################
[2019-05-27 20:58:20,946] - logger.py] - INFO: 请求参数:{'email': '18042477732@163.com', 'password': 'ats123456', 'appId': 'uccc652d2d13a2e131'}
[2019-05-27 20:58:21,068] - logger.py] - INFO: 期望结果：18042477732@163.com
[2019-05-27 20:58:21,071] - logger.py] - INFO: 实际结果：{"code":"200","message":"","body":{"ident":"18042477732@163.com","userId":"cdb53eb2ddcb4c06ab37502568f212cd","token":"eyJ0eXAiOiJKV1QiLCJhbGciOiJSUzI1NiJ9.eyJzdWIiOiJjZGI1M2ViMmRkY2I0YzA2YWIzNzUwMjU2OGYyMTJjZCIsImF1ZCI6WyJ1Y2NjNjUyZDJkMTNhMmUxMzEiLCJ1Y2VudGVyIl0sImlfdiI6MTU1NDE3MjQ3NzAwMCwiaWRlbnRfaWQiOjE2MjQ1Nzk5MDcwMDIzNjgsIm5iZiI6MTU1ODk2MTkxMSwicF92IjoxNTU0MTcyNDc3MDAwLCJpc3MiOiJ1Y2VudGVyIiwiZXhwIjoxNTU5MDQ4MzExLCJ0eXBlIjoxLCJpYXQiOjE1NTg5NjE5MTEsImp0aSI6IjE2MTU1NDYxNTcxMjU2MzIifQ.dtAh24NYz9QGjVbXO7vsskVf95k72F9508OfzpHnK8UkQS8JHDq5H0U3V_F4vo-sC6glu9iT1XXCdKhukGfTb4ksMrYsLv41fB9EsCgBJ0lN-vuj-_jvwaLxtrRi39OoR7ukpciMuUvrhYKX7YieF8j-ZATcVom2mw5yXtw7Y14","avatar":null,"nickName":"","isNew":false,"extraInfo":null,"warning":false}}
[2019-05-27 20:58:21,073] - logger.py] - INFO: 测试结束########################################################################################################################################################################################################
[2019-05-27 20:58:21,075] - logger.py] - INFO: 开始测试########################################################################################################################################################################################################
[2019-05-27 20:58:21,077] - logger.py] - INFO: 请求参数:{'email': '18042477732q@163.com', 'password': 'ats123456', 'appId': 'uccc652d2d13a2e131'}
[2019-05-27 20:58:21,112] - logger.py] - INFO: 期望结果：邮箱[18042477732q@163.com]不存在
[2019-05-27 20:58:21,114] - logger.py] - INFO: 实际结果：{"code":"2043279d62f64de5a6c","message":"邮箱[18042477732q@163.com]不存在","body":null}
[2019-05-27 20:58:21,117] - logger.py] - INFO: 测试结束########################################################################################################################################################################################################
[2019-05-27 20:58:21,119] - logger.py] - INFO: 开始测试########################################################################################################################################################################################################
[2019-05-27 20:58:21,121] - logger.py] - INFO: 请求参数:{'email': None, 'password': 'ats123456', 'appId': 'uccc652d2d13a2e131'}
[2019-05-27 20:58:21,143] - logger.py] - INFO: 期望结果：邮箱账号不能为空
[2019-05-27 20:58:21,145] - logger.py] - INFO: 实际结果：{"code":"2024e37953be33c6fed","message":"邮箱账号不能为空","body":null}
[2019-05-27 20:58:21,148] - logger.py] - INFO: 测试结束########################################################################################################################################################################################################
[2019-05-27 20:58:21,150] - logger.py] - INFO: 开始测试########################################################################################################################################################################################################
[2019-05-27 20:58:21,152] - logger.py] - INFO: 请求参数:{'email': '18042477732@163.com', 'password': None, 'appId': 'uccc652d2d13a2e131'}
[2019-05-27 20:58:21,178] - logger.py] - INFO: 期望结果：密码不能为空
[2019-05-27 20:58:21,180] - logger.py] - INFO: 实际结果：{"code":"202bfb3510565a32a76","message":"密码不能为空","body":null}
[2019-05-27 20:58:21,181] - logger.py] - INFO: 测试结束########################################################################################################################################################################################################
[2019-05-27 20:58:21,183] - logger.py] - INFO: 开始测试########################################################################################################################################################################################################
[2019-05-27 20:58:21,184] - logger.py] - INFO: 请求参数:{'email': '18458215675@163.com', 'password': 'ats123456', 'appId': 'uccc652d2d13a2e131'}
[2019-05-27 20:58:21,210] - logger.py] - INFO: 期望结果：邮箱[18458215675@163.com]不存在
[2019-05-27 20:58:21,211] - logger.py] - INFO: 实际结果：{"code":"2043279d62f64de5a6c","message":"邮箱[18458215675@163.com]不存在","body":null}
[2019-05-27 20:58:21,213] - logger.py] - INFO: 测试结束########################################################################################################################################################################################################
[2019-05-27 20:58:21,215] - logger.py] - INFO: 开始测试########################################################################################################################################################################################################
[2019-05-27 20:58:21,216] - logger.py] - INFO: 请求参数:{'email': None, 'password': None, 'appId': 'uccc652d2d13a2e131'}
[2019-05-27 20:58:21,235] - logger.py] - INFO: 期望结果：邮箱账号不能为空
[2019-05-27 20:58:21,237] - logger.py] - INFO: 实际结果：{"code":"2024e37953be33c6fed","message":"邮箱账号不能为空","body":null}
[2019-05-27 20:58:21,238] - logger.py] - INFO: 测试结束########################################################################################################################################################################################################
[2019-05-27 21:02:14,704] - logger.py] - INFO: 开始测试########################################################################################################################################################################################################
[2019-05-27 21:02:14,705] - logger.py] - INFO: 请求参数:{'email': 'hzsyy@tairanchina.com', 'password': 'ats123456', 'appId': 'uccc652d2d13a2e131'}
[2019-05-27 21:02:14,875] - logger.py] - INFO: 期望结果：hzsyy@tairanchina.com
[2019-05-27 21:02:14,877] - logger.py] - INFO: 实际结果：{"code":"200","message":"","body":{"ident":"hzsyy@tairanchina.com","userId":"5bbe96ca2b594567aa9ce061b906d739","token":"eyJ0eXAiOiJKV1QiLCJhbGciOiJSUzI1NiJ9.eyJzdWIiOiI1YmJlOTZjYTJiNTk0NTY3YWE5Y2UwNjFiOTA2ZDczOSIsImF1ZCI6WyJ1Y2NjNjUyZDJkMTNhMmUxMzEiLCJ1Y2VudGVyIl0sImlfdiI6MTU1NjE1NzQ4MTAwMCwiaWRlbnRfaWQiOjI5MzYzNTg1NDU3NzY2NCwibmJmIjoxNTU4OTYyMTQ1LCJwX3YiOjE1NTYxNTc0ODEwMDAsImlzcyI6InVjZW50ZXIiLCJleHAiOjE1NTkwNDg1NDUsInR5cGUiOjEsImlhdCI6MTU1ODk2MjE0NSwianRpIjoiMTYxNjUyNjk0NDc4NDM4NCJ9.Dga-wuAUMo5FaDJlMfTje7OY6FyXIQQ-MIyqIp616V04WFHOEycE65oO1dpy9BNmJakoDzaDaRmrvjXovn5W70GGXS87ox9vRHRcxd7RKGH8Gw7SjpuLfT2urNC3Qsiv9Up1bbpyWMtNmiBRihKSsUg3ztXf4kluk6lXbry_nk4","avatar":null,"nickName":"","isNew":false,"extraInfo":null,"warning":false}}
[2019-05-27 21:02:14,878] - logger.py] - INFO: 测试结束########################################################################################################################################################################################################
[2019-05-27 21:02:14,879] - logger.py] - INFO: 开始测试########################################################################################################################################################################################################
[2019-05-27 21:02:14,880] - logger.py] - INFO: 请求参数:{'email': 'hzjxin@tairanchina.com', 'password': 'ats123456', 'appId': 'uccc652d2d13a2e131'}
[2019-05-27 21:02:15,041] - logger.py] - INFO: 期望结果：hzjxin@tairanchina.com
[2019-05-27 21:02:15,043] - logger.py] - INFO: 实际结果：{"code":"200","message":"","body":{"ident":"hzjxin@tairanchina.com","userId":"40f90f0d0b9e40b6ba17f6cb288500c0","token":"eyJ0eXAiOiJKV1QiLCJhbGciOiJSUzI1NiJ9.eyJzdWIiOiI0MGY5MGYwZDBiOWU0MGI2YmExN2Y2Y2IyODg1MDBjMCIsImF1ZCI6WyJ1Y2NjNjUyZDJkMTNhMmUxMzEiLCJ1Y2VudGVyIl0sImlfdiI6MTU0NTExNzI4OTAwMCwiaWRlbnRfaWQiOjEwMzM0Nzg3Mjg3NDQ5NiwibmJmIjoxNTU4OTYyMTQ1LCJwX3YiOjE1NDUxMTcyODkwMDAsImlzcyI6InVjZW50ZXIiLCJleHAiOjE1NTkwNDg1NDUsInR5cGUiOjEsImlhdCI6MTU1ODk2MjE0NSwianRpIjoiMTYxNjUyNzYyODQ1NTkzNiJ9.ISHIIyV0fckYBsjWk0za4Jsrx_T48m7Ixi4_6a8RJ2XaaMMwwNQH0SUCWe-mPtB-wXS5KOwgZ7zwTD8mtsXtrxGVGMtTdgrI9GyYgncuznNF7ih-JPmH8oG_PeQGXGVODTXiH3W_JIL4hWDfW64R59aLODRLOvLEUF3pZ82v8aA","avatar":null,"nickName":"","isNew":false,"extraInfo":null,"warning":false}}
[2019-05-27 21:02:15,046] - logger.py] - INFO: 测试结束########################################################################################################################################################################################################
[2019-05-27 21:02:15,049] - logger.py] - INFO: 开始测试########################################################################################################################################################################################################
[2019-05-27 21:02:15,051] - logger.py] - INFO: 请求参数:{'email': '18042477732@163.com', 'password': 'ats123456', 'appId': 'uccc652d2d13a2e131'}
[2019-05-27 21:02:15,145] - logger.py] - INFO: 期望结果：18042477732@163.com
[2019-05-27 21:02:15,146] - logger.py] - INFO: 实际结果：{"code":"200","message":"","body":{"ident":"18042477732@163.com","userId":"cdb53eb2ddcb4c06ab37502568f212cd","token":"eyJ0eXAiOiJKV1QiLCJhbGciOiJSUzI1NiJ9.eyJzdWIiOiJjZGI1M2ViMmRkY2I0YzA2YWIzNzUwMjU2OGYyMTJjZCIsImF1ZCI6WyJ1Y2NjNjUyZDJkMTNhMmUxMzEiLCJ1Y2VudGVyIl0sImlfdiI6MTU1NDE3MjQ3NzAwMCwiaWRlbnRfaWQiOjE2MjQ1Nzk5MDcwMDIzNjgsIm5iZiI6MTU1ODk2MjE0NSwicF92IjoxNTU0MTcyNDc3MDAwLCJpc3MiOiJ1Y2VudGVyIiwiZXhwIjoxNTU5MDQ4NTQ1LCJ0eXBlIjoxLCJpYXQiOjE1NTg5NjIxNDUsImp0aSI6IjE2MTYyMjU1NTM2NDU1NjgifQ.C8Tukbw9KQ0MX2EatW8VDxf28MCQLDbLr4SfgNVaCi_G8-pJNYMruhZ62zfmA-ztbJc9CaL--JEBc084RTh2FT2VQ7ur02-kzEbZRRVXnmemVltIHQQfreX9xUWBpuWFN72SbQwWIfJMEUPMi3PlMcbC2rm-6g0wO-IgBJVQFyo","avatar":null,"nickName":"","isNew":false,"extraInfo":null,"warning":false}}
[2019-05-27 21:02:15,148] - logger.py] - INFO: 测试结束########################################################################################################################################################################################################
[2019-05-27 21:02:15,149] - logger.py] - INFO: 开始测试########################################################################################################################################################################################################
[2019-05-27 21:02:15,151] - logger.py] - INFO: 请求参数:{'email': '18042477732q@163.com', 'password': 'ats123456', 'appId': 'uccc652d2d13a2e131'}
[2019-05-27 21:02:15,176] - logger.py] - INFO: 期望结果：邮箱[18042477732q@163.com]不存在
[2019-05-27 21:02:15,178] - logger.py] - INFO: 实际结果：{"code":"2043279d62f64de5a6c","message":"邮箱[18042477732q@163.com]不存在","body":null}
[2019-05-27 21:02:15,180] - logger.py] - INFO: 测试结束########################################################################################################################################################################################################
[2019-05-27 21:02:15,181] - logger.py] - INFO: 开始测试########################################################################################################################################################################################################
[2019-05-27 21:02:15,183] - logger.py] - INFO: 请求参数:{'email': None, 'password': 'ats123456', 'appId': 'uccc652d2d13a2e131'}
[2019-05-27 21:02:15,202] - logger.py] - INFO: 期望结果：邮箱账号不能为空
[2019-05-27 21:02:15,204] - logger.py] - INFO: 实际结果：{"code":"2024e37953be33c6fed","message":"邮箱账号不能为空","body":null}
[2019-05-27 21:02:15,205] - logger.py] - INFO: 测试结束########################################################################################################################################################################################################
[2019-05-27 21:02:15,207] - logger.py] - INFO: 开始测试########################################################################################################################################################################################################
[2019-05-27 21:02:15,208] - logger.py] - INFO: 请求参数:{'email': '18042477732@163.com', 'password': None, 'appId': 'uccc652d2d13a2e131'}
[2019-05-27 21:02:15,227] - logger.py] - INFO: 期望结果：密码不能为空
[2019-05-27 21:02:15,229] - logger.py] - INFO: 实际结果：{"code":"202bfb3510565a32a76","message":"密码不能为空","body":null}
[2019-05-27 21:02:15,230] - logger.py] - INFO: 测试结束########################################################################################################################################################################################################
[2019-05-27 21:02:15,232] - logger.py] - INFO: 开始测试########################################################################################################################################################################################################
[2019-05-27 21:02:15,233] - logger.py] - INFO: 请求参数:{'email': '18458215675@163.com', 'password': 'ats123456', 'appId': 'uccc652d2d13a2e131'}
[2019-05-27 21:02:15,256] - logger.py] - INFO: 期望结果：邮箱[18458215675@163.com]不存在
[2019-05-27 21:02:15,258] - logger.py] - INFO: 实际结果：{"code":"2043279d62f64de5a6c","message":"邮箱[18458215675@163.com]不存在","body":null}
[2019-05-27 21:02:15,260] - logger.py] - INFO: 测试结束########################################################################################################################################################################################################
[2019-05-27 21:02:15,261] - logger.py] - INFO: 开始测试########################################################################################################################################################################################################
[2019-05-27 21:02:15,263] - logger.py] - INFO: 请求参数:{'email': None, 'password': None, 'appId': 'uccc652d2d13a2e131'}
[2019-05-27 21:02:15,285] - logger.py] - INFO: 期望结果：邮箱账号不能为空
[2019-05-27 21:02:15,286] - logger.py] - INFO: 实际结果：{"code":"2024e37953be33c6fed","message":"邮箱账号不能为空","body":null}
[2019-05-27 21:02:15,288] - logger.py] - INFO: 测试结束########################################################################################################################################################################################################
