[2019-05-28 10:39:09,269] - logger.py] - INFO: 开始测试########################################################################################################################################################################################################
[2019-05-28 10:39:09,270] - logger.py] - INFO: 请求参数:{'email': 'hzsyy@tairanchina.com', 'password': 'ats123456', 'appId': 'uccc652d2d13a2e131'}
[2019-05-28 10:39:09,384] - logger.py] - INFO: 期望结果：hzsyy@tairanchina.com
[2019-05-28 10:39:09,387] - logger.py] - INFO: 实际结果：{"code":"200","message":"","body":{"ident":"hzsyy@tairanchina.com","userId":"5bbe96ca2b594567aa9ce061b906d739","token":"eyJ0eXAiOiJKV1QiLCJhbGciOiJSUzI1NiJ9.eyJzdWIiOiI1YmJlOTZjYTJiNTk0NTY3YWE5Y2UwNjFiOTA2ZDczOSIsImF1ZCI6WyJ1Y2NjNjUyZDJkMTNhMmUxMzEiLCJ1Y2VudGVyIl0sImlfdiI6MTU1NjE1NzQ4MTAwMCwiaWRlbnRfaWQiOjI5MzYzNTg1NDU3NzY2NCwibmJmIjoxNTU5MDExMTU4LCJwX3YiOjE1NTYxNTc0ODEwMDAsImlzcyI6InVjZW50ZXIiLCJleHAiOjE1NTkwOTc1NTgsInR5cGUiOjEsImlhdCI6MTU1OTAxMTE1OCwianRpIjoiMTgyMjEwNDI4NzcyNzYxNiJ9.M0guMs78qQgCYNXx09D1AzgESrkdKCo8qmhOwIgNJ7RRg86RFDW1pBbfZMKX6RfDqKKjy9Xo9gUiuGLK84WeHVuCfra8n2tvEiKZcwA4ruB9DEJqodcF3vUnToqooBvmZpDxI4W04TZ9VSc6eWFnhP6zX-zUlAusVkggtSI6MDE","avatar":null,"nickName":"","isNew":false,"extraInfo":null,"warning":false}}
[2019-05-28 10:39:09,390] - logger.py] - INFO: 测试结束########################################################################################################################################################################################################
[2019-05-28 10:39:09,393] - logger.py] - INFO: 开始测试########################################################################################################################################################################################################
[2019-05-28 10:39:09,396] - logger.py] - INFO: 请求参数:{'email': 'hzjxin@tairanchina.com', 'password': 'ats123456', 'appId': 'uccc652d2d13a2e131'}
[2019-05-28 10:39:09,601] - logger.py] - INFO: 期望结果：hzjxin@tairanchina.com
[2019-05-28 10:39:09,604] - logger.py] - INFO: 实际结果：{"code":"200","message":"","body":{"ident":"hzjxin@tairanchina.com","userId":"40f90f0d0b9e40b6ba17f6cb288500c0","token":"eyJ0eXAiOiJKV1QiLCJhbGciOiJSUzI1NiJ9.eyJzdWIiOiI0MGY5MGYwZDBiOWU0MGI2YmExN2Y2Y2IyODg1MDBjMCIsImF1ZCI6WyJ1Y2NjNjUyZDJkMTNhMmUxMzEiLCJ1Y2VudGVyIl0sImlfdiI6MTU0NTExNzI4OTAwMCwiaWRlbnRfaWQiOjEwMzM0Nzg3Mjg3NDQ5NiwibmJmIjoxNTU5MDExMTU4LCJwX3YiOjE1NDUxMTcyODkwMDAsImlzcyI6InVjZW50ZXIiLCJleHAiOjE1NTkwOTc1NTgsInR5cGUiOjEsImlhdCI6MTU1OTAxMTE1OCwianRpIjoiMTgyMTgwMjg3NTYxNzI4MCJ9.dTiiLiDNZ6PYUS6P9AQ-7VKnazoshnpJ6UIHTa3QWZAPuaMYS6QjlIIgAWcjVPse3_aO5vCE32-qyAQY62ncAdKVDtnGwUQ2sWepgn5FbNsr2WqrJHkr660qDNFDKZZVUjBRZg4u0rfhWo82IavEZqpy4vUuPl-1hp611rqfR1w","avatar":null,"nickName":"","isNew":false,"extraInfo":null,"warning":false}}
[2019-05-28 10:39:09,607] - logger.py] - INFO: 测试结束########################################################################################################################################################################################################
[2019-05-28 10:39:09,609] - logger.py] - INFO: 开始测试########################################################################################################################################################################################################
[2019-05-28 10:39:09,611] - logger.py] - INFO: 请求参数:{'email': '18042477732@163.com', 'password': 'ats123456', 'appId': 'uccc652d2d13a2e131'}
[2019-05-28 10:39:09,695] - logger.py] - INFO: 期望结果：18042477732@163.com
[2019-05-28 10:39:09,697] - logger.py] - INFO: 实际结果：{"code":"200","message":"","body":{"ident":"18042477732@163.com","userId":"cdb53eb2ddcb4c06ab37502568f212cd","token":"eyJ0eXAiOiJKV1QiLCJhbGciOiJSUzI1NiJ9.eyJzdWIiOiJjZGI1M2ViMmRkY2I0YzA2YWIzNzUwMjU2OGYyMTJjZCIsImF1ZCI6WyJ1Y2NjNjUyZDJkMTNhMmUxMzEiLCJ1Y2VudGVyIl0sImlfdiI6MTU1NDE3MjQ3NzAwMCwiaWRlbnRfaWQiOjE2MjQ1Nzk5MDcwMDIzNjgsIm5iZiI6MTU1OTAxMTE1OCwicF92IjoxNTU0MTcyNDc3MDAwLCJpc3MiOiJ1Y2VudGVyIiwiZXhwIjoxNTU5MDk3NTU4LCJ0eXBlIjoxLCJpYXQiOjE1NTkwMTExNTgsImp0aSI6IjE4MjE4MDMyNjU2ODc1NTIifQ.mXpAvXRgWQLNyoIjtLa9ISGCC1Yss5bgtGmI1NJaAawAnsYyQ_YrEgaDE62olmT3lv7aR0b5Whsbx6e_CyzAtllyV1zrhu8ZkY0T_jnG7e5yvXE33ivIt2MIgH1_ElD_Vqgf4HbMU0DUejxJf5zJwhWjtcb6E7Xuv6SGdRqUTkM","avatar":null,"nickName":"","isNew":false,"extraInfo":null,"warning":false}}
[2019-05-28 10:39:09,699] - logger.py] - INFO: 测试结束########################################################################################################################################################################################################
[2019-05-28 10:39:09,701] - logger.py] - INFO: 开始测试########################################################################################################################################################################################################
[2019-05-28 10:39:09,703] - logger.py] - INFO: 请求参数:{'email': '18042477732q@163.com', 'password': 'ats123456', 'appId': 'uccc652d2d13a2e131'}
[2019-05-28 10:39:09,735] - logger.py] - INFO: 期望结果：邮箱[18042477732q@163.com]不存在
[2019-05-28 10:39:09,737] - logger.py] - INFO: 实际结果：{"code":"2043279d62f64de5a6c","message":"邮箱[18042477732q@163.com]不存在","body":null}
[2019-05-28 10:39:09,739] - logger.py] - INFO: 测试结束########################################################################################################################################################################################################
[2019-05-28 10:39:09,742] - logger.py] - INFO: 开始测试########################################################################################################################################################################################################
[2019-05-28 10:39:09,743] - logger.py] - INFO: 请求参数:{'email': None, 'password': 'ats123456', 'appId': 'uccc652d2d13a2e131'}
[2019-05-28 10:39:09,772] - logger.py] - INFO: 期望结果：邮箱账号不能为空
[2019-05-28 10:39:09,775] - logger.py] - INFO: 实际结果：{"code":"2024e37953be33c6fed","message":"邮箱账号不能为空","body":null}
[2019-05-28 10:39:09,777] - logger.py] - INFO: 测试结束########################################################################################################################################################################################################
[2019-05-28 10:39:09,779] - logger.py] - INFO: 开始测试########################################################################################################################################################################################################
[2019-05-28 10:39:09,781] - logger.py] - INFO: 请求参数:{'email': '18042477732@163.com', 'password': None, 'appId': 'uccc652d2d13a2e131'}
[2019-05-28 10:39:09,806] - logger.py] - INFO: 期望结果：密码不能为空
[2019-05-28 10:39:09,808] - logger.py] - INFO: 实际结果：{"code":"202bfb3510565a32a76","message":"密码不能为空","body":null}
[2019-05-28 10:39:09,810] - logger.py] - INFO: 测试结束########################################################################################################################################################################################################
[2019-05-28 10:39:09,813] - logger.py] - INFO: 开始测试########################################################################################################################################################################################################
[2019-05-28 10:39:09,815] - logger.py] - INFO: 请求参数:{'email': '18458215675@163.com', 'password': 'ats123456', 'appId': 'uccc652d2d13a2e131'}
[2019-05-28 10:39:09,842] - logger.py] - INFO: 期望结果：邮箱[18458215675@163.com]不存在
[2019-05-28 10:39:09,845] - logger.py] - INFO: 实际结果：{"code":"2043279d62f64de5a6c","message":"邮箱[18458215675@163.com]不存在","body":null}
[2019-05-28 10:39:09,847] - logger.py] - INFO: 测试结束########################################################################################################################################################################################################
[2019-05-28 10:39:09,848] - logger.py] - INFO: 开始测试########################################################################################################################################################################################################
[2019-05-28 10:39:09,849] - logger.py] - INFO: 请求参数:{'email': None, 'password': None, 'appId': 'uccc652d2d13a2e131'}
[2019-05-28 10:39:09,866] - logger.py] - INFO: 期望结果：邮箱账号不能为空
[2019-05-28 10:39:09,867] - logger.py] - INFO: 实际结果：{"code":"202bfb3510565a32a76","message":"密码不能为空","body":null}
[2019-05-28 10:39:09,868] - logger.py] - INFO: 测试结束########################################################################################################################################################################################################
[2019-05-28 10:42:55,649] - logger.py] - INFO: 开始测试########################################################################################################################################################################################################
[2019-05-28 10:42:55,650] - logger.py] - INFO: 请求参数:{'email': 'hzsyy@tairanchina.com', 'password': 'ats123456', 'appId': 'uccc652d2d13a2e131'}
[2019-05-28 10:42:55,837] - logger.py] - INFO: 期望结果：hzsyy@tairanchina.com
[2019-05-28 10:42:55,838] - logger.py] - INFO: 实际结果：{"code":"200","message":"","body":{"ident":"hzsyy@tairanchina.com","userId":"5bbe96ca2b594567aa9ce061b906d739","token":"eyJ0eXAiOiJKV1QiLCJhbGciOiJSUzI1NiJ9.eyJzdWIiOiI1YmJlOTZjYTJiNTk0NTY3YWE5Y2UwNjFiOTA2ZDczOSIsImF1ZCI6WyJ1Y2NjNjUyZDJkMTNhMmUxMzEiLCJ1Y2VudGVyIl0sImlfdiI6MTU1NjE1NzQ4MTAwMCwiaWRlbnRfaWQiOjI5MzYzNTg1NDU3NzY2NCwibmJmIjoxNTU5MDExMzg1LCJwX3YiOjE1NTYxNTc0ODEwMDAsImlzcyI6InVjZW50ZXIiLCJleHAiOjE1NTkwOTc3ODQsInR5cGUiOjEsImlhdCI6MTU1OTAxMTM4NSwianRpIjoiMTgyMzA1Mzk0MTA2Nzc3NiJ9.vEdErwpvw9oepawMh85sibp1MUGpTpAzdizoNChXcc7rmuADHKXwwZvgdTBn0PncX0LgHJszHvQR98c7g7l-cxu8OoeCwFnkqkSe92YVR_tNHhZVgscGhAx3algvhBdhszO0rUIOElO9x6d_jtznPP7zNzvnRxyfElxIncRrQjs","avatar":null,"nickName":"","isNew":false,"extraInfo":null,"warning":false}}
[2019-05-28 10:42:55,840] - logger.py] - INFO: 测试结束########################################################################################################################################################################################################
[2019-05-28 10:42:55,841] - logger.py] - INFO: 开始测试########################################################################################################################################################################################################
[2019-05-28 10:42:55,843] - logger.py] - INFO: 请求参数:{'email': 'hzjxin@tairanchina.com', 'password': 'ats123456', 'appId': 'uccc652d2d13a2e131'}
[2019-05-28 10:42:56,038] - logger.py] - INFO: 期望结果：hzjxin@tairanchina.com
[2019-05-28 10:42:56,040] - logger.py] - INFO: 实际结果：{"code":"200","message":"","body":{"ident":"hzjxin@tairanchina.com","userId":"40f90f0d0b9e40b6ba17f6cb288500c0","token":"eyJ0eXAiOiJKV1QiLCJhbGciOiJSUzI1NiJ9.eyJzdWIiOiI0MGY5MGYwZDBiOWU0MGI2YmExN2Y2Y2IyODg1MDBjMCIsImF1ZCI6WyJ1Y2NjNjUyZDJkMTNhMmUxMzEiLCJ1Y2VudGVyIl0sImlfdiI6MTU0NTExNzI4OTAwMCwiaWRlbnRfaWQiOjEwMzM0Nzg3Mjg3NDQ5NiwibmJmIjoxNTU5MDExMzg1LCJwX3YiOjE1NDUxMTcyODkwMDAsImlzcyI6InVjZW50ZXIiLCJleHAiOjE1NTkwOTc3ODUsInR5cGUiOjEsImlhdCI6MTU1OTAxMTM4NSwianRpIjoiMTgyMzA1NDkxODM0MDYwOCJ9.D3wNQH8Nxa6VthuK5w2De6HMMSRF2bVjXFx1Svc6wUGr2IIGP3ZSMeaUNCRzaNVx_LNqqg-9DA0YnRTf94ov-J0NuoeR-oiKAPBtoCll9FbAb8RqvYffQ4WfHhxZBtE0-mm3hr46oExNeit8SgdcmZqyi_H82MMpcNHNesnwZKg","avatar":null,"nickName":"","isNew":false,"extraInfo":null,"warning":false}}
[2019-05-28 10:42:56,043] - logger.py] - INFO: 测试结束########################################################################################################################################################################################################
[2019-05-28 10:42:56,046] - logger.py] - INFO: 开始测试########################################################################################################################################################################################################
[2019-05-28 10:42:56,049] - logger.py] - INFO: 请求参数:{'email': '18042477732@163.com', 'password': 'ats123456', 'appId': 'uccc652d2d13a2e131'}
[2019-05-28 10:42:56,148] - logger.py] - INFO: 期望结果：18042477732@163.com
[2019-05-28 10:42:56,151] - logger.py] - INFO: 实际结果：{"code":"200","message":"","body":{"ident":"18042477732@163.com","userId":"cdb53eb2ddcb4c06ab37502568f212cd","token":"eyJ0eXAiOiJKV1QiLCJhbGciOiJSUzI1NiJ9.eyJzdWIiOiJjZGI1M2ViMmRkY2I0YzA2YWIzNzUwMjU2OGYyMTJjZCIsImF1ZCI6WyJ1Y2NjNjUyZDJkMTNhMmUxMzEiLCJ1Y2VudGVyIl0sImlfdiI6MTU1NDE3MjQ3NzAwMCwiaWRlbnRfaWQiOjE2MjQ1Nzk5MDcwMDIzNjgsIm5iZiI6MTU1OTAxMTM4NSwicF92IjoxNTU0MTcyNDc3MDAwLCJpc3MiOiJ1Y2VudGVyIiwiZXhwIjoxNTU5MDk3Nzg1LCJ0eXBlIjoxLCJpYXQiOjE1NTkwMTEzODUsImp0aSI6IjE4MjI3NTMwMzIyNzM5MjAifQ.L1qkOljpWAoKQdnBXu9WfIs9ljMVyjZdS5oVOBDBlYwxGmTqWMzuY4AHdYlVceYm3IwuSAQVN_JHVHHtHzE7qpzvo27VBPE1BJ483Evni6thn_spdV-vHqFtXZ1riEkCM9_5zGAELPTL5Vzg3Cu9nsYymTkZs4I0Zdemj9Mwm5w","avatar":null,"nickName":"","isNew":false,"extraInfo":null,"warning":false}}
[2019-05-28 10:42:56,154] - logger.py] - INFO: 测试结束########################################################################################################################################################################################################
[2019-05-28 10:42:56,157] - logger.py] - INFO: 开始测试########################################################################################################################################################################################################
[2019-05-28 10:42:56,159] - logger.py] - INFO: 请求参数:{'email': '18042477732q@163.com', 'password': 'ats123456', 'appId': 'uccc652d2d13a2e131'}
[2019-05-28 10:42:56,189] - logger.py] - INFO: 期望结果：邮箱[18042477732q@163.com]不存在
[2019-05-28 10:42:56,191] - logger.py] - INFO: 实际结果：{"code":"2043279d62f64de5a6c","message":"邮箱[18042477732q@163.com]不存在","body":null}
[2019-05-28 10:42:56,193] - logger.py] - INFO: 测试结束########################################################################################################################################################################################################
[2019-05-28 10:42:56,195] - logger.py] - INFO: 开始测试########################################################################################################################################################################################################
[2019-05-28 10:42:56,198] - logger.py] - INFO: 请求参数:{'email': None, 'password': 'ats123456', 'appId': 'uccc652d2d13a2e131'}
[2019-05-28 10:42:56,220] - logger.py] - INFO: 期望结果：邮箱账号不能为空
[2019-05-28 10:42:56,222] - logger.py] - INFO: 实际结果：{"code":"2024e37953be33c6fed","message":"邮箱账号不能为空","body":null}
[2019-05-28 10:42:56,225] - logger.py] - INFO: 测试结束########################################################################################################################################################################################################
[2019-05-28 10:42:56,227] - logger.py] - INFO: 开始测试########################################################################################################################################################################################################
[2019-05-28 10:42:56,229] - logger.py] - INFO: 请求参数:{'email': '18042477732@163.com', 'password': None, 'appId': 'uccc652d2d13a2e131'}
[2019-05-28 10:42:56,252] - logger.py] - INFO: 期望结果：密码不能为空
[2019-05-28 10:42:56,255] - logger.py] - INFO: 实际结果：{"code":"202bfb3510565a32a76","message":"密码不能为空","body":null}
[2019-05-28 10:42:56,257] - logger.py] - INFO: 测试结束########################################################################################################################################################################################################
[2019-05-28 10:42:56,259] - logger.py] - INFO: 开始测试########################################################################################################################################################################################################
[2019-05-28 10:42:56,260] - logger.py] - INFO: 请求参数:{'email': '18458215675@163.com', 'password': 'ats123456', 'appId': 'uccc652d2d13a2e131'}
[2019-05-28 10:42:56,285] - logger.py] - INFO: 期望结果：邮箱[18458215675@163.com]不存在
[2019-05-28 10:42:56,286] - logger.py] - INFO: 实际结果：{"code":"2043279d62f64de5a6c","message":"邮箱[18458215675@163.com]不存在","body":null}
[2019-05-28 10:42:56,288] - logger.py] - INFO: 测试结束########################################################################################################################################################################################################
[2019-05-28 10:42:56,289] - logger.py] - INFO: 开始测试########################################################################################################################################################################################################
[2019-05-28 10:42:56,290] - logger.py] - INFO: 请求参数:{'email': None, 'password': None, 'appId': 'uccc652d2d13a2e131'}
[2019-05-28 10:42:56,307] - logger.py] - INFO: 期望结果：邮箱账号不能为空
[2019-05-28 10:42:56,309] - logger.py] - INFO: 实际结果：{"code":"202bfb3510565a32a76","message":"密码不能为空","body":null}
[2019-05-28 10:42:56,310] - logger.py] - INFO: 测试结束########################################################################################################################################################################################################
[2019-05-28 14:30:04,949] - logger.py] - INFO: 开始测试########################################################################################################################################################################################################
[2019-05-28 14:30:04,950] - logger.py] - INFO: 请求参数:{'email': 'hzsyy@tairanchina.com', 'password': 'ats123456', 'appId': 'uccc652d2d13a2e131'}
[2019-05-28 14:30:05,112] - logger.py] - INFO: 期望结果：hzsyy@tairanchina.com
[2019-05-28 14:30:05,115] - logger.py] - INFO: 实际结果：{"code":"200","message":"","body":{"ident":"hzsyy@tairanchina.com","userId":"5bbe96ca2b594567aa9ce061b906d739","token":"eyJ0eXAiOiJKV1QiLCJhbGciOiJSUzI1NiJ9.eyJzdWIiOiI1YmJlOTZjYTJiNTk0NTY3YWE5Y2UwNjFiOTA2ZDczOSIsImF1ZCI6WyJ1Y2NjNjUyZDJkMTNhMmUxMzEiLCJ1Y2VudGVyIl0sImlfdiI6MTU1NjE1NzQ4MTAwMCwiaWRlbnRfaWQiOjI5MzYzNTg1NDU3NzY2NCwibmJmIjoxNTU5MDI1MDEzLCJwX3YiOjE1NTYxNTc0ODEwMDAsImlzcyI6InVjZW50ZXIiLCJleHAiOjE1NTkxMTE0MTQsInR5cGUiOjEsImlhdCI6MTU1OTAyNTAxMywianRpIjoiMTg4MDIxODM1Nzc0NzcxMiJ9.NVDp1cccquIx6bN4cN_zSQ_7HGYm_t3Ux08TVeEgoVqyLSEHFeFH7xTgmV1bCCDIKmJ2JSFeiKhRDQbdF9x4U9LlZeFhZ60DbXvTmXmX6GqJQUuhk7D_ApTnX3lEo6iqg-WuLfks4cqRRemVV4xL10WNF9aiTCTxvAtYWykMRBQ","avatar":null,"nickName":"","isNew":false,"extraInfo":null,"warning":false}}
[2019-05-28 14:30:05,117] - logger.py] - INFO: 测试结束########################################################################################################################################################################################################
[2019-05-28 14:30:05,119] - logger.py] - INFO: 开始测试########################################################################################################################################################################################################
[2019-05-28 14:30:05,120] - logger.py] - INFO: 请求参数:{'email': 'hzjxin@tairanchina.com', 'password': 'ats123456', 'appId': 'uccc652d2d13a2e131'}
[2019-05-28 14:30:05,251] - logger.py] - INFO: 期望结果：hzjxin@tairanchina.com
[2019-05-28 14:30:05,252] - logger.py] - INFO: 实际结果：{"code":"200","message":"","body":{"ident":"hzjxin@tairanchina.com","userId":"40f90f0d0b9e40b6ba17f6cb288500c0","token":"eyJ0eXAiOiJKV1QiLCJhbGciOiJSUzI1NiJ9.eyJzdWIiOiI0MGY5MGYwZDBiOWU0MGI2YmExN2Y2Y2IyODg1MDBjMCIsImF1ZCI6WyJ1Y2NjNjUyZDJkMTNhMmUxMzEiLCJ1Y2VudGVyIl0sImlfdiI6MTU0NTExNzI4OTAwMCwiaWRlbnRfaWQiOjEwMzM0Nzg3Mjg3NDQ5NiwibmJmIjoxNTU5MDI1MDE0LCJwX3YiOjE1NDUxMTcyODkwMDAsImlzcyI6InVjZW50ZXIiLCJleHAiOjE1NTkxMTE0MTQsInR5cGUiOjEsImlhdCI6MTU1OTAyNTAxNCwianRpIjoiMTg4MDIxODk0OTE0NDU3NiJ9.GFFrFePZXja-8nUqV_a4HAgv0g1d3e5Ico42LNVAZvgNZP4mMPBVYYEXG7x8DFAZAoYjOw9IJHQGBSYz-yoHmCg3cm_drGfn6nSlkb5fpHZbz9c1PqktHhDq937RTWlLcHJbCzAH9AyTOGl0Y2MiNZzFhOS7FPbRu_VfeorELK0","avatar":null,"nickName":"","isNew":false,"extraInfo":null,"warning":false}}
[2019-05-28 14:30:05,255] - logger.py] - INFO: 测试结束########################################################################################################################################################################################################
[2019-05-28 14:30:05,257] - logger.py] - INFO: 开始测试########################################################################################################################################################################################################
[2019-05-28 14:30:05,260] - logger.py] - INFO: 请求参数:{'email': '18042477732@163.com', 'password': 'ats123456', 'appId': 'uccc652d2d13a2e131'}
[2019-05-28 14:30:05,352] - logger.py] - INFO: 期望结果：18042477732@163.com
[2019-05-28 14:30:05,353] - logger.py] - INFO: 实际结果：{"code":"200","message":"","body":{"ident":"18042477732@163.com","userId":"cdb53eb2ddcb4c06ab37502568f212cd","token":"eyJ0eXAiOiJKV1QiLCJhbGciOiJSUzI1NiJ9.eyJzdWIiOiJjZGI1M2ViMmRkY2I0YzA2YWIzNzUwMjU2OGYyMTJjZCIsImF1ZCI6WyJ1Y2NjNjUyZDJkMTNhMmUxMzEiLCJ1Y2VudGVyIl0sImlfdiI6MTU1NDE3MjQ3NzAwMCwiaWRlbnRfaWQiOjE2MjQ1Nzk5MDcwMDIzNjgsIm5iZiI6MTU1OTAyNTAxNCwicF92IjoxNTU0MTcyNDc3MDAwLCJpc3MiOiJ1Y2VudGVyIiwiZXhwIjoxNTU5MTExNDE0LCJ0eXBlIjoxLCJpYXQiOjE1NTkwMjUwMTQsImp0aSI6IjE4Nzk5MTY3NDQzMTA3ODQifQ.Z9zRatXhBFwJd-i4B9fWOyfmV0iXMpVDhF3Gy7Tym8NmGnKN8m-GysnMt1GF7W9IWuDneh6vQylexHJuqp6RZRBn9mqKNFCusPtdAt4rQQ4yJlohvtki6TkURhp7emZueIrXRbwlRvd5WxmfB8Y3-k4SJlWyoVxsOqy6NSj7zFM","avatar":null,"nickName":"","isNew":false,"extraInfo":null,"warning":false}}
[2019-05-28 14:30:05,354] - logger.py] - INFO: 测试结束########################################################################################################################################################################################################
[2019-05-28 14:30:05,356] - logger.py] - INFO: 开始测试########################################################################################################################################################################################################
[2019-05-28 14:30:05,359] - logger.py] - INFO: 请求参数:{'email': '18042477732q@163.com', 'password': 'ats123456', 'appId': 'uccc652d2d13a2e131'}
[2019-05-28 14:30:05,395] - logger.py] - INFO: 期望结果：邮箱[18042477732q@163.com]不存在
[2019-05-28 14:30:05,399] - logger.py] - INFO: 实际结果：{"code":"2043279d62f64de5a6c","message":"邮箱[18042477732q@163.com]不存在","body":null}
[2019-05-28 14:30:05,401] - logger.py] - INFO: 测试结束########################################################################################################################################################################################################
[2019-05-28 14:30:05,402] - logger.py] - INFO: 开始测试########################################################################################################################################################################################################
[2019-05-28 14:30:05,404] - logger.py] - INFO: 请求参数:{'email': None, 'password': 'ats123456', 'appId': 'uccc652d2d13a2e131'}
[2019-05-28 14:30:05,428] - logger.py] - INFO: 期望结果：邮箱账号不能为空
[2019-05-28 14:30:05,430] - logger.py] - INFO: 实际结果：{"code":"2024e37953be33c6fed","message":"邮箱账号不能为空","body":null}
[2019-05-28 14:30:05,432] - logger.py] - INFO: 测试结束########################################################################################################################################################################################################
[2019-05-28 14:30:05,433] - logger.py] - INFO: 开始测试########################################################################################################################################################################################################
[2019-05-28 14:30:05,435] - logger.py] - INFO: 请求参数:{'email': '18042477732@163.com', 'password': None, 'appId': 'uccc652d2d13a2e131'}
[2019-05-28 14:30:05,454] - logger.py] - INFO: 期望结果：密码不能为空
[2019-05-28 14:30:05,456] - logger.py] - INFO: 实际结果：{"code":"202bfb3510565a32a76","message":"密码不能为空","body":null}
[2019-05-28 14:30:05,457] - logger.py] - INFO: 测试结束########################################################################################################################################################################################################
[2019-05-28 14:30:05,458] - logger.py] - INFO: 开始测试########################################################################################################################################################################################################
[2019-05-28 14:30:05,459] - logger.py] - INFO: 请求参数:{'email': '18458215675@163.com', 'password': 'ats123456', 'appId': 'uccc652d2d13a2e131'}
[2019-05-28 14:30:05,491] - logger.py] - INFO: 期望结果：邮箱[18458215675@163.com]不存在
[2019-05-28 14:30:05,492] - logger.py] - INFO: 实际结果：{"code":"2043279d62f64de5a6c","message":"邮箱[18458215675@163.com]不存在","body":null}
[2019-05-28 14:30:05,493] - logger.py] - INFO: 测试结束########################################################################################################################################################################################################
[2019-05-28 14:30:05,494] - logger.py] - INFO: 开始测试########################################################################################################################################################################################################
[2019-05-28 14:30:05,496] - logger.py] - INFO: 请求参数:{'email': None, 'password': None, 'appId': 'uccc652d2d13a2e131'}
[2019-05-28 14:30:05,525] - logger.py] - INFO: 期望结果：邮箱账号不能为空
[2019-05-28 14:30:05,526] - logger.py] - INFO: 实际结果：{"code":"202bfb3510565a32a76","message":"密码不能为空","body":null}
[2019-05-28 14:30:05,527] - logger.py] - INFO: 测试结束########################################################################################################################################################################################################
[2019-05-28 17:07:13,587] - logger.py] - INFO: 开始测试########################################################################################################################################################################################################
[2019-05-28 17:07:13,588] - logger.py] - INFO: 用例名字
[2019-05-28 17:07:13,589] - logger.py] - INFO: 请求参数:{'email': 'hzsyy@tairanchina.com', 'password': 'ats123456', 'appId': 'uccc652d2d13a2e131'}
[2019-05-28 17:07:13,784] - logger.py] - INFO: 期望结果：hzsyy@tairanchina.com
[2019-05-28 17:07:13,786] - logger.py] - INFO: 实际结果：{"code":"200","message":"","body":{"ident":"hzsyy@tairanchina.com","userId":"5bbe96ca2b594567aa9ce061b906d739","token":"eyJ0eXAiOiJKV1QiLCJhbGciOiJSUzI1NiJ9.eyJzdWIiOiI1YmJlOTZjYTJiNTk0NTY3YWE5Y2UwNjFiOTA2ZDczOSIsImF1ZCI6WyJ1Y2NjNjUyZDJkMTNhMmUxMzEiLCJ1Y2VudGVyIl0sImlfdiI6MTU1NjE1NzQ4MTAwMCwiaWRlbnRfaWQiOjI5MzYzNTg1NDU3NzY2NCwibmJmIjoxNTU5MDM0NDQyLCJwX3YiOjE1NTYxNTc0ODEwMDAsImlzcyI6InVjZW50ZXIiLCJleHAiOjE1NTkxMjA4NDIsInR5cGUiOjEsImlhdCI6MTU1OTAzNDQ0MiwianRpIjoiMTkxOTQ2MTY5NTE5MzA4OCJ9.u97yyoH3x9dvFI6NqCuGZMEGhu96WikNHdsurLleyuN5l0l_RxP45hOTD_MZc1RB-C55afs3pZ8kQpZ9t6kkBkAX4gR61wenezYlZmkhBogLyw_lsYA8IceJyfXgelVj8WaT-Hbn6pzHmn_sY60NKit8yVa2O7dc2DBoweWeDes","avatar":null,"nickName":"","isNew":false,"extraInfo":null,"warning":false}}
[2019-05-28 17:07:13,789] - logger.py] - INFO: 测试结束########################################################################################################################################################################################################
[2019-05-28 17:07:13,791] - logger.py] - INFO: 开始测试########################################################################################################################################################################################################
[2019-05-28 17:07:13,793] - logger.py] - INFO: 用例名字
[2019-05-28 17:07:13,796] - logger.py] - INFO: 请求参数:{'email': 'hzjxin@tairanchina.com', 'password': 'ats123456', 'appId': 'uccc652d2d13a2e131'}
[2019-05-28 17:07:13,940] - logger.py] - INFO: 期望结果：hzjxin@tairanchina.com
[2019-05-28 17:07:13,943] - logger.py] - INFO: 实际结果：{"code":"200","message":"","body":{"ident":"hzjxin@tairanchina.com","userId":"40f90f0d0b9e40b6ba17f6cb288500c0","token":"eyJ0eXAiOiJKV1QiLCJhbGciOiJSUzI1NiJ9.eyJzdWIiOiI0MGY5MGYwZDBiOWU0MGI2YmExN2Y2Y2IyODg1MDBjMCIsImF1ZCI6WyJ1Y2NjNjUyZDJkMTNhMmUxMzEiLCJ1Y2VudGVyIl0sImlfdiI6MTU0NTExNzI4OTAwMCwiaWRlbnRfaWQiOjEwMzM0Nzg3Mjg3NDQ5NiwibmJmIjoxNTU5MDM0NDQyLCJwX3YiOjE1NDUxMTcyODkwMDAsImlzcyI6InVjZW50ZXIiLCJleHAiOjE1NTkxMjA4NDIsInR5cGUiOjEsImlhdCI6MTU1OTAzNDQ0MiwianRpIjoiMTkxOTQ2MjMzNjkyMTYwMCJ9.VUr9YqLsbZaWT_ojKXkFT5s4S_vQbLsA3N6CmBbCQZ0mldBMe9RLLXfZ2ub9ll2eDIyuns5LMrMKx4VM0hknVVztC0DLSLIYXoqf_hl788IlqqLYf5g6djTD1RrcncbS6asoQf3j_DSU3kA3B_Ukq6Gffooa_hWuKlTcw4HVcBI","avatar":null,"nickName":"","isNew":false,"extraInfo":null,"warning":false}}
[2019-05-28 17:07:13,946] - logger.py] - INFO: 测试结束########################################################################################################################################################################################################
[2019-05-28 17:07:13,949] - logger.py] - INFO: 开始测试########################################################################################################################################################################################################
[2019-05-28 17:07:13,952] - logger.py] - INFO: 用例名字
[2019-05-28 17:07:13,954] - logger.py] - INFO: 请求参数:{'email': '18042477732@163.com', 'password': 'ats123456', 'appId': 'uccc652d2d13a2e131'}
[2019-05-28 17:07:14,093] - logger.py] - INFO: 期望结果：18042477732@163.com
[2019-05-28 17:07:14,095] - logger.py] - INFO: 实际结果：{"code":"200","message":"","body":{"ident":"18042477732@163.com","userId":"cdb53eb2ddcb4c06ab37502568f212cd","token":"eyJ0eXAiOiJKV1QiLCJhbGciOiJSUzI1NiJ9.eyJzdWIiOiJjZGI1M2ViMmRkY2I0YzA2YWIzNzUwMjU2OGYyMTJjZCIsImF1ZCI6WyJ1Y2NjNjUyZDJkMTNhMmUxMzEiLCJ1Y2VudGVyIl0sImlfdiI6MTU1NDE3MjQ3NzAwMCwiaWRlbnRfaWQiOjE2MjQ1Nzk5MDcwMDIzNjgsIm5iZiI6MTU1OTAzNDQ0MiwicF92IjoxNTU0MTcyNDc3MDAwLCJpc3MiOiJ1Y2VudGVyIiwiZXhwIjoxNTU5MTIwODQyLCJ0eXBlIjoxLCJpYXQiOjE1NTkwMzQ0NDIsImp0aSI6IjE5MTk3NjU0OTM4NjI0MDAifQ.sla62FYoEZiyp9YkFd4KghqYbSFch2vropG8OwGClSgEfue3TKxn9Hv2-ysfXYFOSTH_orZV5A1X4LciDh7otnqhNdRI91zdZzE6wUWO-ml6rtpUKPBkKgvTinfmL62HA4EzfFegBk0wy0uYFqGbF7Cy78dRqBdoFysc9AgEXTQ","avatar":null,"nickName":"","isNew":false,"extraInfo":null,"warning":false}}
[2019-05-28 17:07:14,098] - logger.py] - INFO: 测试结束########################################################################################################################################################################################################
[2019-05-28 17:07:14,101] - logger.py] - INFO: 开始测试########################################################################################################################################################################################################
[2019-05-28 17:07:14,103] - logger.py] - INFO: 用例名字
[2019-05-28 17:07:14,105] - logger.py] - INFO: 请求参数:{'email': '18042477732q@163.com', 'password': 'ats123456', 'appId': 'uccc652d2d13a2e131'}
[2019-05-28 17:07:14,133] - logger.py] - INFO: 期望结果：邮箱[18042477732q@163.com]不存在
[2019-05-28 17:07:14,134] - logger.py] - INFO: 实际结果：{"code":"2043279d62f64de5a6c","message":"邮箱[18042477732q@163.com]不存在","body":null}
[2019-05-28 17:07:14,135] - logger.py] - INFO: 测试结束########################################################################################################################################################################################################
[2019-05-28 17:07:14,137] - logger.py] - INFO: 开始测试########################################################################################################################################################################################################
[2019-05-28 17:07:14,138] - logger.py] - INFO: 用例名字
[2019-05-28 17:07:14,140] - logger.py] - INFO: 请求参数:{'email': None, 'password': 'ats123456', 'appId': 'uccc652d2d13a2e131'}
[2019-05-28 17:07:14,169] - logger.py] - INFO: 期望结果：邮箱账号不能为空
[2019-05-28 17:07:14,171] - logger.py] - INFO: 实际结果：{"code":"2024e37953be33c6fed","message":"邮箱账号不能为空","body":null}
[2019-05-28 17:07:14,172] - logger.py] - INFO: 测试结束########################################################################################################################################################################################################
[2019-05-28 17:07:14,174] - logger.py] - INFO: 开始测试########################################################################################################################################################################################################
[2019-05-28 17:07:14,175] - logger.py] - INFO: 用例名字
[2019-05-28 17:07:14,176] - logger.py] - INFO: 请求参数:{'email': '18042477732@163.com', 'password': None, 'appId': 'uccc652d2d13a2e131'}
[2019-05-28 17:07:14,199] - logger.py] - INFO: 期望结果：密码不能为空
[2019-05-28 17:07:14,200] - logger.py] - INFO: 实际结果：{"code":"202bfb3510565a32a76","message":"密码不能为空","body":null}
[2019-05-28 17:07:14,201] - logger.py] - INFO: 测试结束########################################################################################################################################################################################################
[2019-05-28 17:07:14,202] - logger.py] - INFO: 开始测试########################################################################################################################################################################################################
[2019-05-28 17:07:14,203] - logger.py] - INFO: 用例名字
[2019-05-28 17:07:14,204] - logger.py] - INFO: 请求参数:{'email': '18458215675@163.com', 'password': 'ats123456', 'appId': 'uccc652d2d13a2e131'}
[2019-05-28 17:07:14,226] - logger.py] - INFO: 期望结果：邮箱[18458215675@163.com]不存在
[2019-05-28 17:07:14,227] - logger.py] - INFO: 实际结果：{"code":"2043279d62f64de5a6c","message":"邮箱[18458215675@163.com]不存在","body":null}
[2019-05-28 17:07:14,229] - logger.py] - INFO: 测试结束########################################################################################################################################################################################################
[2019-05-28 17:07:14,231] - logger.py] - INFO: 开始测试########################################################################################################################################################################################################
[2019-05-28 17:07:14,232] - logger.py] - INFO: 用例名字
[2019-05-28 17:07:14,233] - logger.py] - INFO: 请求参数:{'email': None, 'password': None, 'appId': 'uccc652d2d13a2e131'}
[2019-05-28 17:07:14,250] - logger.py] - INFO: 期望结果：邮箱账号不能为空
[2019-05-28 17:07:14,251] - logger.py] - INFO: 实际结果：{"code":"2024e37953be33c6fed","message":"邮箱账号不能为空","body":null}
[2019-05-28 17:07:14,252] - logger.py] - INFO: 测试结束########################################################################################################################################################################################################
[2019-05-28 17:09:26,966] - logger.py] - INFO: 开始测试########################################################################################################################################################################################################
[2019-05-28 17:09:26,967] - logger.py] - INFO: 请求参数:{'email': 'hzsyy@tairanchina.com', 'password': 'ats123456', 'appId': 'uccc652d2d13a2e131'}
[2019-05-28 17:09:27,134] - logger.py] - INFO: 期望结果：hzsyy@tairanchina.com
[2019-05-28 17:09:27,136] - logger.py] - INFO: 实际结果：{"code":"200","message":"","body":{"ident":"hzsyy@tairanchina.com","userId":"5bbe96ca2b594567aa9ce061b906d739","token":"eyJ0eXAiOiJKV1QiLCJhbGciOiJSUzI1NiJ9.eyJzdWIiOiI1YmJlOTZjYTJiNTk0NTY3YWE5Y2UwNjFiOTA2ZDczOSIsImF1ZCI6WyJ1Y2NjNjUyZDJkMTNhMmUxMzEiLCJ1Y2VudGVyIl0sImlfdiI6MTU1NjE1NzQ4MTAwMCwiaWRlbnRfaWQiOjI5MzYzNTg1NDU3NzY2NCwibmJmIjoxNTU5MDM0NTc1LCJwX3YiOjE1NTYxNTc0ODEwMDAsImlzcyI6InVjZW50ZXIiLCJleHAiOjE1NTkxMjA5NzUsInR5cGUiOjEsImlhdCI6MTU1OTAzNDU3NSwianRpIjoiMTkyMDMyMzM0MDQ4ODcwNCJ9.CL91E-t4pvaJM2v1jzFeP5jL0qBpc1cfWQFrFVYrzbzbDSqpIzAeKuHEpU_n2ResXYW4-iDdcOJWJmVhER1JeEF45VI2yyHxGdH52V1qjaxCGvXkO0cxxxat7XGwwRQZeGHPixK3vYlsP-Jw2FBAT9SO2hrvHIguFZ-QFuA2sdE","avatar":null,"nickName":"","isNew":false,"extraInfo":null,"warning":false}}
[2019-05-28 17:09:27,139] - logger.py] - INFO: 测试结束########################################################################################################################################################################################################
[2019-05-28 17:09:27,142] - logger.py] - INFO: 开始测试########################################################################################################################################################################################################
[2019-05-28 17:09:27,144] - logger.py] - INFO: 请求参数:{'email': 'hzjxin@tairanchina.com', 'password': 'ats123456', 'appId': 'uccc652d2d13a2e131'}
[2019-05-28 17:09:27,367] - logger.py] - INFO: 期望结果：hzjxin@tairanchina.com
[2019-05-28 17:09:27,369] - logger.py] - INFO: 实际结果：{"code":"200","message":"","body":{"ident":"hzjxin@tairanchina.com","userId":"40f90f0d0b9e40b6ba17f6cb288500c0","token":"eyJ0eXAiOiJKV1QiLCJhbGciOiJSUzI1NiJ9.eyJzdWIiOiI0MGY5MGYwZDBiOWU0MGI2YmExN2Y2Y2IyODg1MDBjMCIsImF1ZCI6WyJ1Y2NjNjUyZDJkMTNhMmUxMzEiLCJ1Y2VudGVyIl0sImlfdiI6MTU0NTExNzI4OTAwMCwiaWRlbnRfaWQiOjEwMzM0Nzg3Mjg3NDQ5NiwibmJmIjoxNTU5MDM0NTc2LCJwX3YiOjE1NDUxMTcyODkwMDAsImlzcyI6InVjZW50ZXIiLCJleHAiOjE1NTkxMjA5NzYsInR5cGUiOjEsImlhdCI6MTU1OTAzNDU3NiwianRpIjoiMTkyMDMyNDQyMjYxOTEzNiJ9.AGXDG3l4jTu7o0MI9FEHczgC4PmDyZSuFkILGopbXZ8qiMbyr3lViFRVgLwH_lVibwCwP477ZXvhfCwvSicPd5EE_bcozFcuKfVHE3WjauQwm1O7mJDWKEqMh-5Hu15Ovtf65yiufwbMzyhBKzM0SYmW0D4fOIpOOAI8k9W3aQ0","avatar":null,"nickName":"","isNew":false,"extraInfo":null,"warning":false}}
[2019-05-28 17:09:27,371] - logger.py] - INFO: 测试结束########################################################################################################################################################################################################
[2019-05-28 17:09:27,373] - logger.py] - INFO: 开始测试########################################################################################################################################################################################################
[2019-05-28 17:09:27,374] - logger.py] - INFO: 请求参数:{'email': '18042477732@163.com', 'password': 'ats123456', 'appId': 'uccc652d2d13a2e131'}
[2019-05-28 17:09:27,465] - logger.py] - INFO: 期望结果：18042477732@163.com
[2019-05-28 17:09:27,467] - logger.py] - INFO: 实际结果：{"code":"200","message":"","body":{"ident":"18042477732@163.com","userId":"cdb53eb2ddcb4c06ab37502568f212cd","token":"eyJ0eXAiOiJKV1QiLCJhbGciOiJSUzI1NiJ9.eyJzdWIiOiJjZGI1M2ViMmRkY2I0YzA2YWIzNzUwMjU2OGYyMTJjZCIsImF1ZCI6WyJ1Y2NjNjUyZDJkMTNhMmUxMzEiLCJ1Y2VudGVyIl0sImlfdiI6MTU1NDE3MjQ3NzAwMCwiaWRlbnRfaWQiOjE2MjQ1Nzk5MDcwMDIzNjgsIm5iZiI6MTU1OTAzNDU3NiwicF92IjoxNTU0MTcyNDc3MDAwLCJpc3MiOiJ1Y2VudGVyIiwiZXhwIjoxNTU5MTIwOTc2LCJ0eXBlIjoxLCJpYXQiOjE1NTkwMzQ1NzYsImp0aSI6IjE5MjAwMjI0NDAwODM0NTYifQ.Vgz_gKbvHwtweWA_q3XKRMIzphb4Erp-2jv-BF7WpRpfwBx1Ghvanuubh5tyPAR-V0dmnvvF8D2DqvworlOzXq186dvPGGE0RMQzd7daRCUxHWIeBkbJ8DBS_ckZQNWBRkTMmifYCu5vrbtbgrXNZYJ0hIQiR7jNCqbYDOxJfhg","avatar":null,"nickName":"","isNew":false,"extraInfo":null,"warning":false}}
[2019-05-28 17:09:27,469] - logger.py] - INFO: 测试结束########################################################################################################################################################################################################
[2019-05-28 17:09:27,472] - logger.py] - INFO: 开始测试########################################################################################################################################################################################################
[2019-05-28 17:09:27,474] - logger.py] - INFO: 请求参数:{'email': '18042477732q@163.com', 'password': 'ats123456', 'appId': 'uccc652d2d13a2e131'}
[2019-05-28 17:09:27,499] - logger.py] - INFO: 期望结果：邮箱[18042477732q@163.com]不存在
[2019-05-28 17:09:27,500] - logger.py] - INFO: 实际结果：{"code":"2043279d62f64de5a6c","message":"邮箱[18042477732q@163.com]不存在","body":null}
[2019-05-28 17:09:27,502] - logger.py] - INFO: 测试结束########################################################################################################################################################################################################
[2019-05-28 17:09:27,503] - logger.py] - INFO: 开始测试########################################################################################################################################################################################################
[2019-05-28 17:09:27,504] - logger.py] - INFO: 请求参数:{'email': None, 'password': 'ats123456', 'appId': 'uccc652d2d13a2e131'}
[2019-05-28 17:09:27,526] - logger.py] - INFO: 期望结果：邮箱账号不能为空
[2019-05-28 17:09:27,527] - logger.py] - INFO: 实际结果：{"code":"2024e37953be33c6fed","message":"邮箱账号不能为空","body":null}
[2019-05-28 17:09:27,528] - logger.py] - INFO: 测试结束########################################################################################################################################################################################################
[2019-05-28 17:09:27,529] - logger.py] - INFO: 开始测试########################################################################################################################################################################################################
[2019-05-28 17:09:27,531] - logger.py] - INFO: 请求参数:{'email': '18042477732@163.com', 'password': None, 'appId': 'uccc652d2d13a2e131'}
[2019-05-28 17:09:27,548] - logger.py] - INFO: 期望结果：密码不能为空
[2019-05-28 17:09:27,549] - logger.py] - INFO: 实际结果：{"code":"202bfb3510565a32a76","message":"密码不能为空","body":null}
[2019-05-28 17:09:27,550] - logger.py] - INFO: 测试结束########################################################################################################################################################################################################
[2019-05-28 17:09:27,551] - logger.py] - INFO: 开始测试########################################################################################################################################################################################################
[2019-05-28 17:09:27,552] - logger.py] - INFO: 请求参数:{'email': '18458215675@163.com', 'password': 'ats123456', 'appId': 'uccc652d2d13a2e131'}
[2019-05-28 17:09:27,573] - logger.py] - INFO: 期望结果：邮箱[18458215675@163.com]不存在
[2019-05-28 17:09:27,574] - logger.py] - INFO: 实际结果：{"code":"2043279d62f64de5a6c","message":"邮箱[18458215675@163.com]不存在","body":null}
[2019-05-28 17:09:27,575] - logger.py] - INFO: 测试结束########################################################################################################################################################################################################
[2019-05-28 17:09:27,576] - logger.py] - INFO: 开始测试########################################################################################################################################################################################################
[2019-05-28 17:09:27,577] - logger.py] - INFO: 请求参数:{'email': None, 'password': None, 'appId': 'uccc652d2d13a2e131'}
[2019-05-28 17:09:27,592] - logger.py] - INFO: 期望结果：邮箱账号不能为空
[2019-05-28 17:09:27,593] - logger.py] - INFO: 实际结果：{"code":"2024e37953be33c6fed","message":"邮箱账号不能为空","body":null}
[2019-05-28 17:09:27,594] - logger.py] - INFO: 测试结束########################################################################################################################################################################################################
