[2020-02-27 00:25:41,621] - logger.py] - INFO: ####################################################################################################开始测试####################################################################################################
[2020-02-27 00:25:41,624] - logger.py] - INFO: 用例名字：修改密码不输入userId
[2020-02-27 00:25:41,627] - logger.py] - INFO: 请求接口地址：https://travel-test.wgjev.net/travel/admin/basic/sys/user/update/password
[2020-02-27 00:25:41,630] - logger.py] - INFO: 请求参数：{'userId': '', 'oldPassword': 'admin123!@#', 'newPassword': 'admin123!@#$', 'rePassword': 'admin123!@#$'}
[2020-02-27 00:25:41,633] - logger.py] - INFO: --------------------------------------------------------------------------------------------------------------------------------------------------------------------------------------------------------
[2020-02-27 00:25:41,636] - logger.py] - INFO: 期望结果：userId:角色ID不能为空
[2020-02-27 00:25:41,639] - logger.py] - INFO: 实际结果：{'success': True, 'code': 4012, 'total': None, 'page': None, 'data': None, 'msg': '请跳转到登录页面', 'timestamp': 1582734344517, 'timestampToDate': '2020-02-27 00:25:44'}
[2020-02-27 00:25:41,642] - logger.py] - INFO: ####################################################################################################测试结束####################################################################################################
[2020-02-27 00:25:42,590] - logger.py] - INFO: ####################################################################################################开始测试####################################################################################################
[2020-02-27 00:25:42,592] - logger.py] - INFO: 用例名字：修改密码不输入旧密码
[2020-02-27 00:25:42,593] - logger.py] - INFO: 请求接口地址：https://travel-test.wgjev.net/travel/admin/basic/sys/user/update/password
[2020-02-27 00:25:42,595] - logger.py] - INFO: 请求参数：{'userId': 14, 'oldPassword': '', 'newPassword': 'admin123!@#$', 'rePassword': 'admin123!@#$'}
[2020-02-27 00:25:42,597] - logger.py] - INFO: --------------------------------------------------------------------------------------------------------------------------------------------------------------------------------------------------------
[2020-02-27 00:25:42,598] - logger.py] - INFO: 期望结果：oldPassword:旧密码不能为空
[2020-02-27 00:25:42,600] - logger.py] - INFO: 实际结果：{'success': True, 'code': 4012, 'total': None, 'page': None, 'data': None, 'msg': '请跳转到登录页面', 'timestamp': 1582734345490, 'timestampToDate': '2020-02-27 00:25:45'}
[2020-02-27 00:25:42,602] - logger.py] - INFO: ####################################################################################################测试结束####################################################################################################
[2020-02-27 00:25:43,008] - logger.py] - INFO: ####################################################################################################开始测试####################################################################################################
[2020-02-27 00:25:43,010] - logger.py] - INFO: 用例名字：修改密码不输入新密码
[2020-02-27 00:25:43,012] - logger.py] - INFO: 请求接口地址：https://travel-test.wgjev.net/travel/admin/basic/sys/user/update/password
[2020-02-27 00:25:43,013] - logger.py] - INFO: 请求参数：{'userId': 14, 'oldPassword': 'admin123!@#', 'newPassword': '', 'rePassword': 'admin123!@#$'}
[2020-02-27 00:25:43,015] - logger.py] - INFO: --------------------------------------------------------------------------------------------------------------------------------------------------------------------------------------------------------
[2020-02-27 00:25:43,016] - logger.py] - INFO: 期望结果：newPassword:新密码不能为空
[2020-02-27 00:25:43,018] - logger.py] - INFO: 实际结果：{'success': True, 'code': 4012, 'total': None, 'page': None, 'data': None, 'msg': '请跳转到登录页面', 'timestamp': 1582734345911, 'timestampToDate': '2020-02-27 00:25:45'}
[2020-02-27 00:25:43,019] - logger.py] - INFO: ####################################################################################################测试结束####################################################################################################
[2020-02-27 00:25:43,449] - logger.py] - INFO: ####################################################################################################开始测试####################################################################################################
[2020-02-27 00:25:43,453] - logger.py] - INFO: 用例名字：修改密码输入错误的旧密码
[2020-02-27 00:25:43,459] - logger.py] - INFO: 请求接口地址：https://travel-test.wgjev.net/travel/admin/basic/sys/user/update/password
[2020-02-27 00:25:43,462] - logger.py] - INFO: 请求参数：{'userId': 14, 'oldPassword': 'admin123!', 'newPassword': 'admin123!@#$', 'rePassword': 'admin123!@#$'}
[2020-02-27 00:25:43,465] - logger.py] - INFO: --------------------------------------------------------------------------------------------------------------------------------------------------------------------------------------------------------
[2020-02-27 00:25:43,471] - logger.py] - INFO: 期望结果：原密码不正确
[2020-02-27 00:25:43,474] - logger.py] - INFO: 实际结果：{'success': True, 'code': 4012, 'total': None, 'page': None, 'data': None, 'msg': '请跳转到登录页面', 'timestamp': 1582734346348, 'timestampToDate': '2020-02-27 00:25:46'}
[2020-02-27 00:25:43,485] - logger.py] - INFO: ####################################################################################################测试结束####################################################################################################
[2020-02-27 00:25:43,974] - logger.py] - INFO: ####################################################################################################开始测试####################################################################################################
[2020-02-27 00:25:43,979] - logger.py] - INFO: 用例名字：修改密码新密码输入123456
[2020-02-27 00:25:43,983] - logger.py] - INFO: 请求接口地址：https://travel-test.wgjev.net/travel/admin/basic/sys/user/update/password
[2020-02-27 00:25:43,989] - logger.py] - INFO: 请求参数：{'userId': 14, 'oldPassword': 'admin123!@#', 'newPassword': '123456', 'rePassword': '123456'}
[2020-02-27 00:25:43,993] - logger.py] - INFO: --------------------------------------------------------------------------------------------------------------------------------------------------------------------------------------------------------
[2020-02-27 00:25:43,997] - logger.py] - INFO: 期望结果：密码格式错误
[2020-02-27 00:25:44,001] - logger.py] - INFO: 实际结果：{'success': True, 'code': 4012, 'total': None, 'page': None, 'data': None, 'msg': '请跳转到登录页面', 'timestamp': 1582734346871, 'timestampToDate': '2020-02-27 00:25:46'}
[2020-02-27 00:25:44,004] - logger.py] - INFO: ####################################################################################################测试结束####################################################################################################
[2020-02-27 00:25:44,534] - logger.py] - INFO: ####################################################################################################开始测试####################################################################################################
[2020-02-27 00:25:44,538] - logger.py] - INFO: 用例名字：修改密码新密码输入12345678
[2020-02-27 00:25:44,541] - logger.py] - INFO: 请求接口地址：https://travel-test.wgjev.net/travel/admin/basic/sys/user/update/password
[2020-02-27 00:25:44,545] - logger.py] - INFO: 请求参数：{'userId': 14, 'oldPassword': 'admin123!@#', 'newPassword': '12345678', 'rePassword': '12345678'}
[2020-02-27 00:25:44,547] - logger.py] - INFO: --------------------------------------------------------------------------------------------------------------------------------------------------------------------------------------------------------
[2020-02-27 00:25:44,551] - logger.py] - INFO: 期望结果：密码格式错误
[2020-02-27 00:25:44,554] - logger.py] - INFO: 实际结果：{'success': True, 'code': 4012, 'total': None, 'page': None, 'data': None, 'msg': '请跳转到登录页面', 'timestamp': 1582734347433, 'timestampToDate': '2020-02-27 00:25:47'}
[2020-02-27 00:25:44,557] - logger.py] - INFO: ####################################################################################################测试结束####################################################################################################
[2020-02-27 00:26:46,420] - logger.py] - INFO: ####################################################################################################开始测试####################################################################################################
[2020-02-27 00:26:46,424] - logger.py] - INFO: 用例名字：修改密码不输入userId
[2020-02-27 00:26:46,427] - logger.py] - INFO: 请求接口地址：https://travel-test.wgjev.net/travel/admin/basic/sys/user/update/password
[2020-02-27 00:26:46,430] - logger.py] - INFO: 请求参数：{'userId': '', 'oldPassword': 'admin123!@#', 'newPassword': 'admin123!@#$', 'rePassword': 'admin123!@#$'}
[2020-02-27 00:26:46,433] - logger.py] - INFO: --------------------------------------------------------------------------------------------------------------------------------------------------------------------------------------------------------
[2020-02-27 00:26:46,436] - logger.py] - INFO: 期望结果：userId:角色ID不能为空
[2020-02-27 00:26:46,439] - logger.py] - INFO: 实际结果：{'success': False, 'code': 400, 'total': None, 'page': None, 'data': None, 'msg': '[userId:角色ID不能为空]', 'timestamp': 1582734409311, 'timestampToDate': '2020-02-27 00:26:49'}
[2020-02-27 00:26:46,442] - logger.py] - INFO: ####################################################################################################测试结束####################################################################################################
[2020-02-27 00:26:46,787] - logger.py] - INFO: ####################################################################################################开始测试####################################################################################################
[2020-02-27 00:26:46,790] - logger.py] - INFO: 用例名字：修改密码不输入旧密码
[2020-02-27 00:26:46,794] - logger.py] - INFO: 请求接口地址：https://travel-test.wgjev.net/travel/admin/basic/sys/user/update/password
[2020-02-27 00:26:46,797] - logger.py] - INFO: 请求参数：{'userId': 14, 'oldPassword': '', 'newPassword': 'admin123!@#$', 'rePassword': 'admin123!@#$'}
[2020-02-27 00:26:46,800] - logger.py] - INFO: --------------------------------------------------------------------------------------------------------------------------------------------------------------------------------------------------------
[2020-02-27 00:26:46,803] - logger.py] - INFO: 期望结果：oldPassword:旧密码不能为空
[2020-02-27 00:26:46,806] - logger.py] - INFO: 实际结果：{'success': False, 'code': 400, 'total': None, 'page': None, 'data': None, 'msg': '[oldPassword:旧密码不能为空]', 'timestamp': 1582734409671, 'timestampToDate': '2020-02-27 00:26:49'}
[2020-02-27 00:26:46,810] - logger.py] - INFO: ####################################################################################################测试结束####################################################################################################
[2020-02-27 00:26:47,131] - logger.py] - INFO: ####################################################################################################开始测试####################################################################################################
[2020-02-27 00:26:47,134] - logger.py] - INFO: 用例名字：修改密码不输入新密码
[2020-02-27 00:26:47,141] - logger.py] - INFO: 请求接口地址：https://travel-test.wgjev.net/travel/admin/basic/sys/user/update/password
[2020-02-27 00:26:47,142] - logger.py] - INFO: 请求参数：{'userId': 14, 'oldPassword': 'admin123!@#', 'newPassword': '', 'rePassword': 'admin123!@#$'}
[2020-02-27 00:26:47,147] - logger.py] - INFO: --------------------------------------------------------------------------------------------------------------------------------------------------------------------------------------------------------
[2020-02-27 00:26:47,149] - logger.py] - INFO: 期望结果：newPassword:新密码不能为空
[2020-02-27 00:26:47,152] - logger.py] - INFO: 实际结果：{'success': False, 'code': 400, 'total': None, 'page': None, 'data': None, 'msg': '[newPassword:新密码不能为空]', 'timestamp': 1582734410018, 'timestampToDate': '2020-02-27 00:26:50'}
[2020-02-27 00:26:47,154] - logger.py] - INFO: ####################################################################################################测试结束####################################################################################################
[2020-02-27 00:26:47,490] - logger.py] - INFO: ####################################################################################################开始测试####################################################################################################
[2020-02-27 00:26:47,494] - logger.py] - INFO: 用例名字：修改密码输入错误的旧密码
[2020-02-27 00:26:47,497] - logger.py] - INFO: 请求接口地址：https://travel-test.wgjev.net/travel/admin/basic/sys/user/update/password
[2020-02-27 00:26:47,500] - logger.py] - INFO: 请求参数：{'userId': 14, 'oldPassword': 'admin123!', 'newPassword': 'admin123!@#$', 'rePassword': 'admin123!@#$'}
[2020-02-27 00:26:47,503] - logger.py] - INFO: --------------------------------------------------------------------------------------------------------------------------------------------------------------------------------------------------------
[2020-02-27 00:26:47,506] - logger.py] - INFO: 期望结果：原密码不正确
[2020-02-27 00:26:47,509] - logger.py] - INFO: 实际结果：{'success': False, 'code': None, 'total': None, 'page': None, 'data': None, 'msg': '原密码不正确', 'timestamp': 1582734410383, 'timestampToDate': '2020-02-27 00:26:50'}
[2020-02-27 00:26:47,512] - logger.py] - INFO: ####################################################################################################测试结束####################################################################################################
[2020-02-27 00:26:47,861] - logger.py] - INFO: ####################################################################################################开始测试####################################################################################################
[2020-02-27 00:26:47,865] - logger.py] - INFO: 用例名字：修改密码新密码输入123456
[2020-02-27 00:26:47,868] - logger.py] - INFO: 请求接口地址：https://travel-test.wgjev.net/travel/admin/basic/sys/user/update/password
[2020-02-27 00:26:47,871] - logger.py] - INFO: 请求参数：{'userId': 14, 'oldPassword': 'admin123!@#', 'newPassword': '123456', 'rePassword': '123456'}
[2020-02-27 00:26:47,874] - logger.py] - INFO: --------------------------------------------------------------------------------------------------------------------------------------------------------------------------------------------------------
[2020-02-27 00:26:47,877] - logger.py] - INFO: 期望结果：密码格式错误
[2020-02-27 00:26:47,880] - logger.py] - INFO: 实际结果：{'success': False, 'code': None, 'total': None, 'page': None, 'data': None, 'msg': '密码格式错误(8-20位，必须包含大写字母、小写字母、数字、特殊符号三种以上)', 'timestamp': 1582734410746, 'timestampToDate': '2020-02-27 00:26:50'}
[2020-02-27 00:26:47,883] - logger.py] - INFO: ####################################################################################################测试结束####################################################################################################
[2020-02-27 00:26:48,214] - logger.py] - INFO: ####################################################################################################开始测试####################################################################################################
[2020-02-27 00:26:48,217] - logger.py] - INFO: 用例名字：修改密码新密码输入12345678
[2020-02-27 00:26:48,221] - logger.py] - INFO: 请求接口地址：https://travel-test.wgjev.net/travel/admin/basic/sys/user/update/password
[2020-02-27 00:26:48,224] - logger.py] - INFO: 请求参数：{'userId': 14, 'oldPassword': 'admin123!@#', 'newPassword': '12345678', 'rePassword': '12345678'}
[2020-02-27 00:26:48,227] - logger.py] - INFO: --------------------------------------------------------------------------------------------------------------------------------------------------------------------------------------------------------
[2020-02-27 00:26:48,230] - logger.py] - INFO: 期望结果：密码格式错误
[2020-02-27 00:26:48,234] - logger.py] - INFO: 实际结果：{'success': False, 'code': None, 'total': None, 'page': None, 'data': None, 'msg': '密码格式错误(8-20位，必须包含大写字母、小写字母、数字、特殊符号三种以上)', 'timestamp': 1582734411107, 'timestampToDate': '2020-02-27 00:26:51'}
[2020-02-27 00:26:48,237] - logger.py] - INFO: ####################################################################################################测试结束####################################################################################################
[2020-02-27 00:32:39,739] - logger.py] - INFO: ####################################################################################################开始测试####################################################################################################
[2020-02-27 00:32:39,741] - logger.py] - INFO: 用例名字：修改密码不输入userId
[2020-02-27 00:32:39,743] - logger.py] - INFO: 请求接口地址：https://travel-test.wgjev.net/travel/admin/basic/sys/user/update/password
[2020-02-27 00:32:39,745] - logger.py] - INFO: 请求参数：{'userId': '', 'oldPassword': 'admin123!@#', 'newPassword': 'admin123!@#$', 'rePassword': 'admin123!@#$'}
[2020-02-27 00:32:39,746] - logger.py] - INFO: --------------------------------------------------------------------------------------------------------------------------------------------------------------------------------------------------------
[2020-02-27 00:32:39,748] - logger.py] - INFO: 期望结果：userId:角色ID不能为空
[2020-02-27 00:32:39,750] - logger.py] - INFO: 实际结果：{'success': False, 'code': 400, 'total': None, 'page': None, 'data': None, 'msg': '[userId:角色ID不能为空]', 'timestamp': 1582734762637, 'timestampToDate': '2020-02-27 00:32:42'}
[2020-02-27 00:32:39,752] - logger.py] - INFO: ####################################################################################################测试结束####################################################################################################
[2020-02-27 00:32:40,055] - logger.py] - INFO: ####################################################################################################开始测试####################################################################################################
[2020-02-27 00:32:40,057] - logger.py] - INFO: 用例名字：修改密码不输入旧密码
[2020-02-27 00:32:40,060] - logger.py] - INFO: 请求接口地址：https://travel-test.wgjev.net/travel/admin/basic/sys/user/update/password
[2020-02-27 00:32:40,062] - logger.py] - INFO: 请求参数：{'userId': 14, 'oldPassword': '', 'newPassword': 'admin123!@#$', 'rePassword': 'admin123!@#$'}
[2020-02-27 00:32:40,062] - logger.py] - INFO: --------------------------------------------------------------------------------------------------------------------------------------------------------------------------------------------------------
[2020-02-27 00:32:40,063] - logger.py] - INFO: 期望结果：oldPassword:旧密码不能为空
[2020-02-27 00:32:40,064] - logger.py] - INFO: 实际结果：{'success': False, 'code': 400, 'total': None, 'page': None, 'data': None, 'msg': '[oldPassword:旧密码不能为空]', 'timestamp': 1582734762960, 'timestampToDate': '2020-02-27 00:32:42'}
[2020-02-27 00:32:40,065] - logger.py] - INFO: ####################################################################################################测试结束####################################################################################################
[2020-02-27 00:32:40,423] - logger.py] - INFO: ####################################################################################################开始测试####################################################################################################
[2020-02-27 00:32:40,426] - logger.py] - INFO: 用例名字：修改密码不输入新密码
[2020-02-27 00:32:40,429] - logger.py] - INFO: 请求接口地址：https://travel-test.wgjev.net/travel/admin/basic/sys/user/update/password
[2020-02-27 00:32:40,432] - logger.py] - INFO: 请求参数：{'userId': 14, 'oldPassword': 'admin123!@#', 'newPassword': '', 'rePassword': 'admin123!@#$'}
[2020-02-27 00:32:40,438] - logger.py] - INFO: --------------------------------------------------------------------------------------------------------------------------------------------------------------------------------------------------------
[2020-02-27 00:32:40,441] - logger.py] - INFO: 期望结果：newPassword:新密码不能为空
[2020-02-27 00:32:40,445] - logger.py] - INFO: 实际结果：{'success': False, 'code': 400, 'total': None, 'page': None, 'data': None, 'msg': '[newPassword:新密码不能为空]', 'timestamp': 1582734763320, 'timestampToDate': '2020-02-27 00:32:43'}
[2020-02-27 00:32:40,448] - logger.py] - INFO: ####################################################################################################测试结束####################################################################################################
[2020-02-27 00:32:40,806] - logger.py] - INFO: ####################################################################################################开始测试####################################################################################################
[2020-02-27 00:32:40,809] - logger.py] - INFO: 用例名字：修改密码输入错误的旧密码
[2020-02-27 00:32:40,812] - logger.py] - INFO: 请求接口地址：https://travel-test.wgjev.net/travel/admin/basic/sys/user/update/password
[2020-02-27 00:32:40,816] - logger.py] - INFO: 请求参数：{'userId': 14, 'oldPassword': 'admin123!', 'newPassword': 'admin123!@#$', 'rePassword': 'admin123!@#$'}
[2020-02-27 00:32:40,819] - logger.py] - INFO: --------------------------------------------------------------------------------------------------------------------------------------------------------------------------------------------------------
[2020-02-27 00:32:40,823] - logger.py] - INFO: 期望结果：原密码不正确
[2020-02-27 00:32:40,826] - logger.py] - INFO: 实际结果：{'success': False, 'code': None, 'total': None, 'page': None, 'data': None, 'msg': '原密码不正确', 'timestamp': 1582734763704, 'timestampToDate': '2020-02-27 00:32:43'}
[2020-02-27 00:32:40,829] - logger.py] - INFO: ####################################################################################################测试结束####################################################################################################
[2020-02-27 00:32:41,177] - logger.py] - INFO: ####################################################################################################开始测试####################################################################################################
[2020-02-27 00:32:41,180] - logger.py] - INFO: 用例名字：修改密码新密码输入123456
[2020-02-27 00:32:41,183] - logger.py] - INFO: 请求接口地址：https://travel-test.wgjev.net/travel/admin/basic/sys/user/update/password
[2020-02-27 00:32:41,186] - logger.py] - INFO: 请求参数：{'userId': 14, 'oldPassword': 'admin123!@#', 'newPassword': '123456', 'rePassword': '123456'}
[2020-02-27 00:32:41,188] - logger.py] - INFO: --------------------------------------------------------------------------------------------------------------------------------------------------------------------------------------------------------
[2020-02-27 00:32:41,191] - logger.py] - INFO: 期望结果：密码格式错误
[2020-02-27 00:32:41,194] - logger.py] - INFO: 实际结果：{'success': False, 'code': None, 'total': None, 'page': None, 'data': None, 'msg': '密码格式错误(8-20位，必须包含大写字母、小写字母、数字、特殊符号三种以上)', 'timestamp': 1582734764075, 'timestampToDate': '2020-02-27 00:32:44'}
[2020-02-27 00:32:41,197] - logger.py] - INFO: ####################################################################################################测试结束####################################################################################################
[2020-02-27 00:32:41,547] - logger.py] - INFO: ####################################################################################################开始测试####################################################################################################
[2020-02-27 00:32:41,550] - logger.py] - INFO: 用例名字：修改密码新密码输入12345678
[2020-02-27 00:32:41,553] - logger.py] - INFO: 请求接口地址：https://travel-test.wgjev.net/travel/admin/basic/sys/user/update/password
[2020-02-27 00:32:41,557] - logger.py] - INFO: 请求参数：{'userId': 14, 'oldPassword': 'admin123!@#', 'newPassword': '12345678', 'rePassword': '12345678'}
[2020-02-27 00:32:41,560] - logger.py] - INFO: --------------------------------------------------------------------------------------------------------------------------------------------------------------------------------------------------------
[2020-02-27 00:32:41,564] - logger.py] - INFO: 期望结果：密码格式错误
[2020-02-27 00:32:41,567] - logger.py] - INFO: 实际结果：{'success': False, 'code': None, 'total': None, 'page': None, 'data': None, 'msg': '密码格式错误(8-20位，必须包含大写字母、小写字母、数字、特殊符号三种以上)', 'timestamp': 1582734764435, 'timestampToDate': '2020-02-27 00:32:44'}
[2020-02-27 00:32:41,573] - logger.py] - INFO: ####################################################################################################测试结束####################################################################################################
