[2020-02-29 11:08:19,457] - logger.py] - INFO: ####################################################################################################开始测试####################################################################################################
[2020-02-29 11:08:19,460] - logger.py] - INFO: 用例名字：正常登录
[2020-02-29 11:08:19,463] - logger.py] - INFO: 请求接口地址：https://travel-test.wgjev.net/travel/admin/authenticate/login
[2020-02-29 11:08:19,465] - logger.py] - INFO: 请求参数：{'account': '18042477732', 'userPwd': 'admin123!@#$'}
[2020-02-29 11:08:19,467] - logger.py] - INFO: --------------------------------------------------------------------------------------------------------------------------------------------------------------------------------------------------------
[2020-02-29 11:08:19,470] - logger.py] - INFO: 期望结果：{'msg': '登录成功', 'success': True, 'code': 200}
[2020-02-29 11:08:19,473] - logger.py] - INFO: 实际结果：{"success":true,"code":200,"total":null,"page":null,"data":null,"msg":"登录成功","timestamp":1582945769782,"timestampToDate":"2020-02-29 11:09:29"}
[2020-02-29 11:08:19,475] - logger.py] - INFO: ####################################################################################################测试结束####################################################################################################
[2020-02-29 11:08:19,742] - logger.py] - INFO: ####################################################################################################开始测试####################################################################################################
[2020-02-29 11:08:19,742] - logger.py] - INFO: 用例名字：输入错误的密码登录
[2020-02-29 11:08:19,743] - logger.py] - INFO: 请求接口地址：https://travel-test.wgjev.net/travel/admin/authenticate/login
[2020-02-29 11:08:19,744] - logger.py] - INFO: 请求参数：{'account': '18042477732', 'userPwd': 'admin123!@'}
[2020-02-29 11:08:19,745] - logger.py] - INFO: --------------------------------------------------------------------------------------------------------------------------------------------------------------------------------------------------------
[2020-02-29 11:08:19,745] - logger.py] - INFO: 期望结果：{'msg': '用户名或密码错误', 'code': 401}
[2020-02-29 11:08:19,746] - logger.py] - INFO: 实际结果：{"success":true,"code":401,"total":null,"page":null,"data":{"loginErrorCount":1},"msg":"用户名或密码错误","timestamp":1582945770132,"timestampToDate":"2020-02-29 11:09:30"}
[2020-02-29 11:08:19,747] - logger.py] - INFO: ####################################################################################################测试结束####################################################################################################
[2020-02-29 11:08:19,992] - logger.py] - INFO: ####################################################################################################开始测试####################################################################################################
[2020-02-29 11:08:19,993] - logger.py] - INFO: 用例名字：输入不存在用户名登录
[2020-02-29 11:08:19,994] - logger.py] - INFO: 请求接口地址：https://travel-test.wgjev.net/travel/admin/authenticate/login
[2020-02-29 11:08:19,995] - logger.py] - INFO: 请求参数：{'account': '18042477739', 'userPwd': 'admin123!@#$'}
[2020-02-29 11:08:19,995] - logger.py] - INFO: --------------------------------------------------------------------------------------------------------------------------------------------------------------------------------------------------------
[2020-02-29 11:08:19,996] - logger.py] - INFO: 期望结果：{'msg': '用户名或密码错误', 'code': 401, 'success': True}
[2020-02-29 11:08:19,997] - logger.py] - INFO: 实际结果：{"success":true,"code":401,"total":null,"page":null,"data":{"loginErrorCount":1},"msg":"用户名或密码错误","timestamp":1582945770387,"timestampToDate":"2020-02-29 11:09:30"}
[2020-02-29 11:08:19,997] - logger.py] - INFO: ####################################################################################################测试结束####################################################################################################
[2020-02-29 11:08:20,261] - logger.py] - INFO: ####################################################################################################开始测试####################################################################################################
[2020-02-29 11:08:20,263] - logger.py] - INFO: 用例名字：输入用户名为空登陆
[2020-02-29 11:08:20,265] - logger.py] - INFO: 请求接口地址：https://travel-test.wgjev.net/travel/admin/authenticate/login
[2020-02-29 11:08:20,267] - logger.py] - INFO: 请求参数：{'account': '', 'userPwd': 'admin123!@#$'}
[2020-02-29 11:08:20,269] - logger.py] - INFO: --------------------------------------------------------------------------------------------------------------------------------------------------------------------------------------------------------
[2020-02-29 11:08:20,272] - logger.py] - INFO: 期望结果：{'msg': '[account:帐号不能为空]', 'code': 400}
[2020-02-29 11:08:20,274] - logger.py] - INFO: 实际结果：{"success":false,"code":400,"total":null,"page":null,"data":null,"msg":"[account:帐号不能为空]","timestamp":1582945770637,"timestampToDate":"2020-02-29 11:09:30"}
[2020-02-29 11:08:20,280] - logger.py] - INFO: ####################################################################################################测试结束####################################################################################################
[2020-02-29 11:08:20,512] - logger.py] - INFO: ####################################################################################################开始测试####################################################################################################
[2020-02-29 11:08:20,515] - logger.py] - INFO: 用例名字：输入密码为空登陆
[2020-02-29 11:08:20,516] - logger.py] - INFO: 请求接口地址：https://travel-test.wgjev.net/travel/admin/authenticate/login
[2020-02-29 11:08:20,519] - logger.py] - INFO: 请求参数：{'account': '18042477732', 'userPwd': ''}
[2020-02-29 11:08:20,521] - logger.py] - INFO: --------------------------------------------------------------------------------------------------------------------------------------------------------------------------------------------------------
[2020-02-29 11:08:20,523] - logger.py] - INFO: 期望结果：{'msg': '[userPwd:密码不能为空]', 'code': 400}
[2020-02-29 11:08:20,525] - logger.py] - INFO: 实际结果：{"success":false,"code":400,"total":null,"page":null,"data":null,"msg":"[userPwd:密码不能为空]","timestamp":1582945770902,"timestampToDate":"2020-02-29 11:09:30"}
[2020-02-29 11:08:20,528] - logger.py] - INFO: ####################################################################################################测试结束####################################################################################################
[2020-02-29 11:08:20,754] - logger.py] - INFO: ####################################################################################################开始测试####################################################################################################
[2020-02-29 11:08:20,755] - logger.py] - INFO: 用例名字：输入用户名/密码都为空登录
[2020-02-29 11:08:20,756] - logger.py] - INFO: 请求接口地址：https://travel-test.wgjev.net/travel/admin/authenticate/login
[2020-02-29 11:08:20,757] - logger.py] - INFO: 请求参数：{'account': '', 'userPwd': ''}
[2020-02-29 11:08:20,759] - logger.py] - INFO: --------------------------------------------------------------------------------------------------------------------------------------------------------------------------------------------------------
[2020-02-29 11:08:20,760] - logger.py] - INFO: 期望结果：{'msg': ['account:帐号不能为空', 'userPwd:密码不能为空'], 'code': 400, 'success': False}
[2020-02-29 11:08:20,761] - logger.py] - INFO: 实际结果：{"success":false,"code":400,"total":null,"page":null,"data":null,"msg":"[account:帐号不能为空, userPwd:密码不能为空]","timestamp":1582945771149,"timestampToDate":"2020-02-29 11:09:31"}
[2020-02-29 11:08:20,763] - logger.py] - INFO: ####################################################################################################测试结束####################################################################################################
[2020-02-29 11:09:47,428] - logger.py] - INFO: ####################################################################################################开始测试####################################################################################################
[2020-02-29 11:09:47,431] - logger.py] - INFO: 用例名字：查看第一页
[2020-02-29 11:09:47,433] - logger.py] - INFO: 请求接口地址：https://travel-test.wgjev.net/travel/admin/finance/serviceCharge/listPage
[2020-02-29 11:09:47,436] - logger.py] - INFO: 请求参数：{'current': 1, 'size': 10}
[2020-02-29 11:09:47,438] - logger.py] - INFO: --------------------------------------------------------------------------------------------------------------------------------------------------------------------------------------------------------
[2020-02-29 11:09:47,440] - logger.py] - INFO: 期望结果：{'success': True, 'code': 200}
[2020-02-29 11:09:47,442] - logger.py] - INFO: 实际结果：{'success': True, 'code': 200, 'total': None, 'page': None, 'data': {'records': [{'companyId': 111, 'companyName': '灵璧石经营体', 'companyType': 2, 'serviceFeeScale': None}, {'companyId': 110, 'companyName': '河南左中右', 'companyType': 1, 'serviceFeeScale': None}, {'companyId': 109, 'companyName': '湖北', 'companyType': 1, 'serviceFeeScale': None}, {'companyId': 108, 'companyName': '武汉经营体', 'companyType': 1, 'serviceFeeScale': None}, {'companyId': 107, 'companyName': '哆哆1', 'companyType': 1, 'serviceFeeScale': None}, {'companyId': 106, 'companyName': '小陌陌', 'companyType': 1, 'serviceFeeScale': None}, {'companyId': 105, 'companyName': '浙江经营体', 'companyType': 1, 'serviceFeeScale': None}, {'companyId': 104, 'companyName': '滨江经营体', 'companyType': 2, 'serviceFeeScale': None}, {'companyId': 96, 'companyName': '34', 'companyType': 2, 'serviceFeeScale': None}, {'companyId': 95, 'companyName': '而是', 'companyType': 2, 'serviceFeeScale': None}], 'total': 38, 'size': 10, 'current': 1, 'perms': {}, 'companyName': None, 'status': None, 'searchCount': True, 'pages': 4}, 'msg': None, 'timestamp': 1582945857814, 'timestampToDate': '2020-02-29 11:10:57'}
[2020-02-29 11:09:47,445] - logger.py] - INFO: ####################################################################################################测试结束####################################################################################################
[2020-02-29 11:09:47,733] - logger.py] - INFO: ####################################################################################################开始测试####################################################################################################
[2020-02-29 11:09:47,736] - logger.py] - INFO: 用例名字：查看第二页每页20
[2020-02-29 11:09:47,738] - logger.py] - INFO: 请求接口地址：https://travel-test.wgjev.net/travel/admin/finance/serviceCharge/listPage
[2020-02-29 11:09:47,740] - logger.py] - INFO: 请求参数：{'current': 2, 'size': 120}
[2020-02-29 11:09:47,742] - logger.py] - INFO: --------------------------------------------------------------------------------------------------------------------------------------------------------------------------------------------------------
[2020-02-29 11:09:47,743] - logger.py] - INFO: 期望结果：{'success': True, 'code': 200}
[2020-02-29 11:09:47,745] - logger.py] - INFO: 实际结果：{'success': True, 'code': 200, 'total': None, 'page': None, 'data': {'records': [], 'total': 38, 'size': 120, 'current': 2, 'perms': {}, 'companyName': None, 'status': None, 'searchCount': True, 'pages': 1}, 'msg': None, 'timestamp': 1582945858123, 'timestampToDate': '2020-02-29 11:10:58'}
[2020-02-29 11:09:47,747] - logger.py] - INFO: ####################################################################################################测试结束####################################################################################################
[2020-02-29 11:09:59,066] - logger.py] - INFO: ####################################################################################################开始测试####################################################################################################
[2020-02-29 11:09:59,068] - logger.py] - INFO: 用例名字：获取所有经营体列表
[2020-02-29 11:09:59,071] - logger.py] - INFO: 请求接口地址：https://travel-test.wgjev.net/travel/admin/finance/serviceCharge/listCompany
[2020-02-29 11:09:59,073] - logger.py] - INFO: 请求参数：None
[2020-02-29 11:09:59,075] - logger.py] - INFO: --------------------------------------------------------------------------------------------------------------------------------------------------------------------------------------------------------
[2020-02-29 11:09:59,077] - logger.py] - INFO: 期望结果：{'success': True, 'code': 200}
[2020-02-29 11:09:59,078] - logger.py] - INFO: 实际结果：{'success': True, 'code': 200, 'total': None, 'page': None, 'data': [{'companyId': 1, 'companyName': '浙江左中右', 'companyType': 2, 'serviceFeeScale': None}, {'companyId': 17, 'companyName': '浙江左中右1', 'companyType': 0, 'serviceFeeScale': None}, {'companyId': 18, 'companyName': '杭州中公司', 'companyType': 1, 'serviceFeeScale': None}, {'companyId': 20, 'companyName': '淳安左中右', 'companyType': 1, 'serviceFeeScale': None}, {'companyId': 21, 'companyName': '上海左中右', 'companyType': 5, 'serviceFeeScale': None}, {'companyId': 24, 'companyName': '天津左中右', 'companyType': 2, 'serviceFeeScale': None}, {'companyId': 25, 'companyName': '杭州左中右网络科技有限公司-A00', 'companyType': 4, 'serviceFeeScale': None}, {'companyId': 26, 'companyName': '腾讯集团 ', 'companyType': 4, 'serviceFeeScale': None}, {'companyId': 27, 'companyName': '长兴全天候汽车共享', 'companyType': 2, 'serviceFeeScale': None}, {'companyId': 29, 'companyName': '临安左中右电动汽车服务有限公司', 'companyType': 5, 'serviceFeeScale': None}, {'companyId': 36, 'companyName': '恒大集团1', 'companyType': 5, 'serviceFeeScale': None}, {'companyId': 37, 'companyName': '华为公司', 'companyType': 4, 'serviceFeeScale': None}, {'companyId': 38, 'companyName': '天津01', 'companyType': 3, 'serviceFeeScale': None}, {'companyId': 39, 'companyName': '南通', 'companyType': 3, 'serviceFeeScale': None}, {'companyId': 40, 'companyName': '天津', 'companyType': 2, 'serviceFeeScale': None}, {'companyId': 41, 'companyName': '中华', 'companyType': 4, 'serviceFeeScale': None}, {'companyId': 43, 'companyName': '海南左中右', 'companyType': 3, 'serviceFeeScale': None}, {'companyId': 45, 'companyName': '龙旗科技', 'companyType': 5, 'serviceFeeScale': None}, {'companyId': 46, 'companyName': '黄山', 'companyType': 1, 'serviceFeeScale': None}, {'companyId': 47, 'companyName': '左中右电动汽车服务南通有限公司通州分公司', 'companyType': 5, 'serviceFeeScale': None}, {'companyId': 48, 'companyName': '桐庐全天候汽车共享', 'companyType': 5, 'serviceFeeScale': None}, {'companyId': 49, 'companyName': '富阳全天候汽车共享', 'companyType': 1, 'serviceFeeScale': None}, {'companyId': 50, 'companyName': '如皋南通微公交出行', 'companyType': 4, 'serviceFeeScale': None}, {'companyId': 82, 'companyName': '杭州左中右网络科技有限公司-A01', 'companyType': 2, 'serviceFeeScale': None}, {'companyId': 83, 'companyName': '左中右建德公司', 'companyType': 3, 'serviceFeeScale': None}, {'companyId': 84, 'companyName': '杭州萧山微公交出行', 'companyType': 1, 'serviceFeeScale': None}, {'companyId': 93, 'companyName': '开封左中右微公交', 'companyType': 5, 'serviceFeeScale': None}, {'companyId': 94, 'companyName': '测试123', 'companyType': 2, 'serviceFeeScale': None}, {'companyId': 95, 'companyName': '而是', 'companyType': 2, 'serviceFeeScale': None}, {'companyId': 96, 'companyName': '34', 'companyType': 2, 'serviceFeeScale': None}, {'companyId': 104, 'companyName': '滨江经营体', 'companyType': 2, 'serviceFeeScale': None}, {'companyId': 105, 'companyName': '浙江经营体', 'companyType': 1, 'serviceFeeScale': None}, {'companyId': 106, 'companyName': '小陌陌', 'companyType': 1, 'serviceFeeScale': None}, {'companyId': 107, 'companyName': '哆哆1', 'companyType': 1, 'serviceFeeScale': None}, {'companyId': 108, 'companyName': '武汉经营体', 'companyType': 1, 'serviceFeeScale': None}, {'companyId': 109, 'companyName': '湖北', 'companyType': 1, 'serviceFeeScale': None}, {'companyId': 110, 'companyName': '河南左中右', 'companyType': 1, 'serviceFeeScale': None}, {'companyId': 111, 'companyName': '灵璧石经营体', 'companyType': 2, 'serviceFeeScale': None}], 'msg': None, 'timestamp': 1582945869442, 'timestampToDate': '2020-02-29 11:11:09'}
[2020-02-29 11:09:59,087] - logger.py] - INFO: ####################################################################################################测试结束####################################################################################################
[2020-02-29 11:10:19,261] - logger.py] - INFO: ####################################################################################################开始测试####################################################################################################
[2020-02-29 11:10:19,263] - logger.py] - INFO: 用例名字：查看第一页
[2020-02-29 11:10:19,267] - logger.py] - INFO: 请求接口地址：https://travel-test.wgjev.net/travel/admin/finance/serviceCharge/listServiceCharge
[2020-02-29 11:10:19,269] - logger.py] - INFO: 请求参数：[111, 110, 109, 108, 107, 106, 105, 104, 96, 95]
[2020-02-29 11:10:19,271] - logger.py] - INFO: --------------------------------------------------------------------------------------------------------------------------------------------------------------------------------------------------------
[2020-02-29 11:10:19,273] - logger.py] - INFO: 期望结果：{'success': True, 'code': 200}
[2020-02-29 11:10:19,276] - logger.py] - INFO: 实际结果：{'success': True, 'code': 200, 'total': None, 'page': None, 'data': [{'companyId': 95, 'companyName': None, 'companyType': None, 'serviceFeeScale': 70.0}, {'companyId': 96, 'companyName': None, 'companyType': None, 'serviceFeeScale': 90.0}, {'companyId': 104, 'companyName': None, 'companyType': None, 'serviceFeeScale': 100.0}, {'companyId': 105, 'companyName': None, 'companyType': None, 'serviceFeeScale': 0.0}, {'companyId': 106, 'companyName': None, 'companyType': None, 'serviceFeeScale': 0.0}, {'companyId': 107, 'companyName': None, 'companyType': None, 'serviceFeeScale': 0.0}, {'companyId': 108, 'companyName': None, 'companyType': None, 'serviceFeeScale': 0.0}, {'companyId': 109, 'companyName': None, 'companyType': None, 'serviceFeeScale': 0.0}, {'companyId': 110, 'companyName': None, 'companyType': None, 'serviceFeeScale': 0.0}, {'companyId': 111, 'companyName': None, 'companyType': None, 'serviceFeeScale': 0.0}], 'msg': None, 'timestamp': 1582945889652, 'timestampToDate': '2020-02-29 11:11:29'}
[2020-02-29 11:10:19,280] - logger.py] - INFO: ####################################################################################################测试结束####################################################################################################
[2020-02-29 11:10:31,044] - logger.py] - INFO: ####################################################################################################开始测试####################################################################################################
[2020-02-29 11:10:31,045] - logger.py] - INFO: 用例名字：修改服务费
[2020-02-29 11:10:31,046] - logger.py] - INFO: 请求接口地址：https://travel-test.wgjev.net/travel/admin//finance/serviceCharge/update
[2020-02-29 11:10:31,046] - logger.py] - INFO: 请求参数：{'“1': 30, '17': 0, '18': 0, '20': 0, '21': 0, '24': 0, '25': 0, '26': 0, '27': 0}
[2020-02-29 11:10:31,047] - logger.py] - INFO: --------------------------------------------------------------------------------------------------------------------------------------------------------------------------------------------------------
[2020-02-29 11:10:31,049] - logger.py] - INFO: 期望结果：{'success': True, 'code': 200}
[2020-02-29 11:10:31,050] - logger.py] - INFO: 实际结果：{'success': True, 'code': 400, 'total': None, 'page': None, 'data': None, 'msg': '设置已超出限制范围', 'timestamp': 1582945901439, 'timestampToDate': '2020-02-29 11:11:41'}
[2020-02-29 11:10:31,051] - logger.py] - INFO: ####################################################################################################测试结束####################################################################################################
[2020-02-29 11:11:18,080] - logger.py] - INFO: ####################################################################################################开始测试####################################################################################################
[2020-02-29 11:11:18,081] - logger.py] - INFO: 用例名字：修改服务费
[2020-02-29 11:11:18,082] - logger.py] - INFO: 请求接口地址：https://travel-test.wgjev.net/travel/admin//finance/serviceCharge/update
[2020-02-29 11:11:18,083] - logger.py] - INFO: 请求参数：{'“1': 1, '17': 0, '18': 0, '20': 0, '21': 0, '24': 0, '25': 0, '26': 0, '27': 0}
[2020-02-29 11:11:18,083] - logger.py] - INFO: --------------------------------------------------------------------------------------------------------------------------------------------------------------------------------------------------------
[2020-02-29 11:11:18,084] - logger.py] - INFO: 期望结果：{'success': True, 'code': 200}
[2020-02-29 11:11:18,085] - logger.py] - INFO: 实际结果：{'success': True, 'code': 400, 'total': None, 'page': None, 'data': None, 'msg': '设置已超出限制范围', 'timestamp': 1582945948479, 'timestampToDate': '2020-02-29 11:12:28'}
[2020-02-29 11:11:18,086] - logger.py] - INFO: ####################################################################################################测试结束####################################################################################################
[2020-02-29 11:11:42,220] - logger.py] - INFO: ####################################################################################################开始测试####################################################################################################
[2020-02-29 11:11:42,221] - logger.py] - INFO: 用例名字：修改服务费
[2020-02-29 11:11:42,222] - logger.py] - INFO: 请求接口地址：https://travel-test.wgjev.net/travel/admin//finance/serviceCharge/update
[2020-02-29 11:11:42,223] - logger.py] - INFO: 请求参数：{'“1': 0, '17': 0, '18': 0, '20': 0, '21': 0, '24': 0, '25': 0, '26': 0, '27': 0}
[2020-02-29 11:11:42,224] - logger.py] - INFO: --------------------------------------------------------------------------------------------------------------------------------------------------------------------------------------------------------
[2020-02-29 11:11:42,225] - logger.py] - INFO: 期望结果：{'success': True, 'code': 200}
[2020-02-29 11:11:42,226] - logger.py] - INFO: 实际结果：{'success': True, 'code': 400, 'total': None, 'page': None, 'data': None, 'msg': '设置已超出限制范围', 'timestamp': 1582945972621, 'timestampToDate': '2020-02-29 11:12:52'}
[2020-02-29 11:11:42,227] - logger.py] - INFO: ####################################################################################################测试结束####################################################################################################
[2020-02-29 11:12:31,873] - logger.py] - INFO: ####################################################################################################开始测试####################################################################################################
[2020-02-29 11:12:31,874] - logger.py] - INFO: 用例名字：修改服务费
[2020-02-29 11:12:31,876] - logger.py] - INFO: 请求接口地址：https://travel-test.wgjev.net/travel/admin//finance/serviceCharge/update
[2020-02-29 11:12:31,877] - logger.py] - INFO: 请求参数：{'“1': 0, '17': 0, '18': 0, '20': 0, '21': 0, '24': 0, '25': 0, '26': 0, '27': 0}
[2020-02-29 11:12:31,878] - logger.py] - INFO: --------------------------------------------------------------------------------------------------------------------------------------------------------------------------------------------------------
[2020-02-29 11:12:31,880] - logger.py] - INFO: 期望结果：{'success': True, 'code': 400, 'msg': '设置已超出限制范围'}
[2020-02-29 11:12:31,881] - logger.py] - INFO: 实际结果：{'success': True, 'code': 400, 'total': None, 'page': None, 'data': None, 'msg': '设置已超出限制范围', 'timestamp': 1582946022272, 'timestampToDate': '2020-02-29 11:13:42'}
[2020-02-29 11:12:31,888] - logger.py] - INFO: ####################################################################################################测试结束####################################################################################################
