[2020-02-26 22:27:59,771] - logger.py] - INFO: ####################################################################################################开始测试####################################################################################################
[2020-02-26 22:27:59,774] - logger.py] - INFO: 用例名字：正常登录
[2020-02-26 22:27:59,777] - logger.py] - INFO: 请求接口地址：https://travel-test.wgjev.net/travel/admin/authenticate/login
[2020-02-26 22:27:59,781] - logger.py] - INFO: 请求参数：{'account': '18042477732', 'userPwd': 'admin123!@#$'}
[2020-02-26 22:27:59,784] - logger.py] - INFO: --------------------------------------------------------------------------------------------------------------------------------------------------------------------------------------------------------
[2020-02-26 22:27:59,788] - logger.py] - INFO: 期望结果：{'msg': '登录成功', 'success': True, 'code': 200}
[2020-02-26 22:27:59,791] - logger.py] - INFO: 实际结果：{"success":true,"code":200,"total":null,"page":null,"data":null,"msg":"登录成功","timestamp":1582727282454,"timestampToDate":"2020-02-26 22:28:02"}
[2020-02-26 22:27:59,795] - logger.py] - INFO: ####################################################################################################测试结束####################################################################################################
[2020-02-26 22:28:00,327] - logger.py] - INFO: ####################################################################################################开始测试####################################################################################################
[2020-02-26 22:28:00,330] - logger.py] - INFO: 用例名字：输入错误的密码登录
[2020-02-26 22:28:00,333] - logger.py] - INFO: 请求接口地址：https://travel-test.wgjev.net/travel/admin/authenticate/login
[2020-02-26 22:28:00,335] - logger.py] - INFO: 请求参数：{'account': '18042477732', 'userPwd': 'admin123!@'}
[2020-02-26 22:28:00,338] - logger.py] - INFO: --------------------------------------------------------------------------------------------------------------------------------------------------------------------------------------------------------
[2020-02-26 22:28:00,341] - logger.py] - INFO: 期望结果：{'msg': '用户名或密码错误', 'code': 401}
[2020-02-26 22:28:00,343] - logger.py] - INFO: 实际结果：{"success":true,"code":401,"total":null,"page":null,"data":{"loginErrorCount":1},"msg":"用户名或密码错误","timestamp":1582727283026,"timestampToDate":"2020-02-26 22:28:03"}
[2020-02-26 22:28:00,346] - logger.py] - INFO: ####################################################################################################测试结束####################################################################################################
[2020-02-26 22:28:00,627] - logger.py] - INFO: ####################################################################################################开始测试####################################################################################################
[2020-02-26 22:28:00,630] - logger.py] - INFO: 用例名字：输入不存在用户名登录
[2020-02-26 22:28:00,634] - logger.py] - INFO: 请求接口地址：https://travel-test.wgjev.net/travel/admin/authenticate/login
[2020-02-26 22:28:00,638] - logger.py] - INFO: 请求参数：{'account': '18042477739', 'userPwd': 'admin123!@#$'}
[2020-02-26 22:28:00,641] - logger.py] - INFO: --------------------------------------------------------------------------------------------------------------------------------------------------------------------------------------------------------
[2020-02-26 22:28:00,644] - logger.py] - INFO: 期望结果：{'msg': '用户名或密码错误', 'code': 401, 'success': True}
[2020-02-26 22:28:00,647] - logger.py] - INFO: 实际结果：{"success":true,"code":401,"total":null,"page":null,"data":{"loginErrorCount":1},"msg":"用户名或密码错误","timestamp":1582727283326,"timestampToDate":"2020-02-26 22:28:03"}
[2020-02-26 22:28:00,651] - logger.py] - INFO: ####################################################################################################测试结束####################################################################################################
[2020-02-26 22:28:00,989] - logger.py] - INFO: ####################################################################################################开始测试####################################################################################################
[2020-02-26 22:28:00,992] - logger.py] - INFO: 用例名字：输入用户名为空登陆
[2020-02-26 22:28:00,995] - logger.py] - INFO: 请求接口地址：https://travel-test.wgjev.net/travel/admin/authenticate/login
[2020-02-26 22:28:00,998] - logger.py] - INFO: 请求参数：{'account': '', 'userPwd': 'admin123!@#$'}
[2020-02-26 22:28:01,002] - logger.py] - INFO: --------------------------------------------------------------------------------------------------------------------------------------------------------------------------------------------------------
[2020-02-26 22:28:01,005] - logger.py] - INFO: 期望结果：{'msg': '[account:帐号不能为空]', 'code': 400}
[2020-02-26 22:28:01,008] - logger.py] - INFO: 实际结果：{"success":false,"code":400,"total":null,"page":null,"data":null,"msg":"[account:帐号不能为空]","timestamp":1582727283675,"timestampToDate":"2020-02-26 22:28:03"}
[2020-02-26 22:28:01,012] - logger.py] - INFO: ####################################################################################################测试结束####################################################################################################
[2020-02-26 22:28:01,380] - logger.py] - INFO: ####################################################################################################开始测试####################################################################################################
[2020-02-26 22:28:01,383] - logger.py] - INFO: 用例名字：输入密码为空登陆
[2020-02-26 22:28:01,387] - logger.py] - INFO: 请求接口地址：https://travel-test.wgjev.net/travel/admin/authenticate/login
[2020-02-26 22:28:01,391] - logger.py] - INFO: 请求参数：{'account': '18042477732', 'userPwd': ''}
[2020-02-26 22:28:01,393] - logger.py] - INFO: --------------------------------------------------------------------------------------------------------------------------------------------------------------------------------------------------------
[2020-02-26 22:28:01,394] - logger.py] - INFO: 期望结果：{'msg': '[userPwd:密码不能为空]', 'code': 400}
[2020-02-26 22:28:01,396] - logger.py] - INFO: 实际结果：{"success":false,"code":400,"total":null,"page":null,"data":null,"msg":"[userPwd:密码不能为空]","timestamp":1582727284034,"timestampToDate":"2020-02-26 22:28:04"}
[2020-02-26 22:28:01,398] - logger.py] - INFO: ####################################################################################################测试结束####################################################################################################
[2020-02-26 22:28:01,803] - logger.py] - INFO: ####################################################################################################开始测试####################################################################################################
[2020-02-26 22:28:01,806] - logger.py] - INFO: 用例名字：输入用户名/密码都为空登录
[2020-02-26 22:28:01,812] - logger.py] - INFO: 请求接口地址：https://travel-test.wgjev.net/travel/admin/authenticate/login
[2020-02-26 22:28:01,814] - logger.py] - INFO: 请求参数：{'account': '', 'userPwd': ''}
[2020-02-26 22:28:01,816] - logger.py] - INFO: --------------------------------------------------------------------------------------------------------------------------------------------------------------------------------------------------------
[2020-02-26 22:28:01,820] - logger.py] - INFO: 期望结果：{'msg': ['account:帐号不能为空', 'userPwd:密码不能为空'], 'code': 400, 'success': False}
[2020-02-26 22:28:01,824] - logger.py] - INFO: 实际结果：{"success":false,"code":400,"total":null,"page":null,"data":null,"msg":"[userPwd:密码不能为空, account:帐号不能为空]","timestamp":1582727284491,"timestampToDate":"2020-02-26 22:28:04"}
[2020-02-26 22:28:01,827] - logger.py] - INFO: ####################################################################################################测试结束####################################################################################################
[2020-02-26 22:28:22,488] - logger.py] - INFO: ####################################################################################################开始测试####################################################################################################
[2020-02-26 22:28:22,489] - logger.py] - INFO: 用例名字：正常登录
[2020-02-26 22:28:22,490] - logger.py] - INFO: 请求接口地址：https://travel-test.wgjev.net/travel/admin/authenticate/login
[2020-02-26 22:28:22,492] - logger.py] - INFO: 请求参数：{'account': '18042477732', 'userPwd': 'admin123!@#$'}
[2020-02-26 22:28:22,493] - logger.py] - INFO: --------------------------------------------------------------------------------------------------------------------------------------------------------------------------------------------------------
[2020-02-26 22:28:22,494] - logger.py] - INFO: 期望结果：{'msg': '登录成功', 'success': True, 'code': 200}
[2020-02-26 22:28:22,495] - logger.py] - INFO: 实际结果：{"success":true,"code":200,"total":null,"page":null,"data":null,"msg":"登录成功","timestamp":1582727305184,"timestampToDate":"2020-02-26 22:28:25"}
[2020-02-26 22:28:22,497] - logger.py] - INFO: ####################################################################################################测试结束####################################################################################################
[2020-02-26 22:28:22,816] - logger.py] - INFO: ####################################################################################################开始测试####################################################################################################
[2020-02-26 22:28:22,821] - logger.py] - INFO: 用例名字：输入错误的密码登录
[2020-02-26 22:28:22,828] - logger.py] - INFO: 请求接口地址：https://travel-test.wgjev.net/travel/admin/authenticate/login
[2020-02-26 22:28:22,830] - logger.py] - INFO: 请求参数：{'account': '18042477732', 'userPwd': 'admin123!@'}
[2020-02-26 22:28:22,832] - logger.py] - INFO: --------------------------------------------------------------------------------------------------------------------------------------------------------------------------------------------------------
[2020-02-26 22:28:22,833] - logger.py] - INFO: 期望结果：{'msg': '用户名或密码错误', 'code': 401}
[2020-02-26 22:28:22,835] - logger.py] - INFO: 实际结果：{"success":true,"code":401,"total":null,"page":null,"data":{"loginErrorCount":1},"msg":"用户名或密码错误","timestamp":1582727305505,"timestampToDate":"2020-02-26 22:28:25"}
[2020-02-26 22:28:22,837] - logger.py] - INFO: ####################################################################################################测试结束####################################################################################################
[2020-02-26 22:28:23,241] - logger.py] - INFO: ####################################################################################################开始测试####################################################################################################
[2020-02-26 22:28:23,244] - logger.py] - INFO: 用例名字：输入不存在用户名登录
[2020-02-26 22:28:23,247] - logger.py] - INFO: 请求接口地址：https://travel-test.wgjev.net/travel/admin/authenticate/login
[2020-02-26 22:28:23,250] - logger.py] - INFO: 请求参数：{'account': '18042477739', 'userPwd': 'admin123!@#$'}
[2020-02-26 22:28:23,253] - logger.py] - INFO: --------------------------------------------------------------------------------------------------------------------------------------------------------------------------------------------------------
[2020-02-26 22:28:23,256] - logger.py] - INFO: 期望结果：{'msg': '用户名或密码错误', 'code': 401, 'success': True}
[2020-02-26 22:28:23,259] - logger.py] - INFO: 实际结果：{"success":true,"code":401,"total":null,"page":null,"data":{"loginErrorCount":1},"msg":"用户名或密码错误","timestamp":1582727305934,"timestampToDate":"2020-02-26 22:28:25"}
[2020-02-26 22:28:23,262] - logger.py] - INFO: ####################################################################################################测试结束####################################################################################################
[2020-02-26 22:28:23,546] - logger.py] - INFO: ####################################################################################################开始测试####################################################################################################
[2020-02-26 22:28:23,549] - logger.py] - INFO: 用例名字：输入用户名为空登陆
[2020-02-26 22:28:23,552] - logger.py] - INFO: 请求接口地址：https://travel-test.wgjev.net/travel/admin/authenticate/login
[2020-02-26 22:28:23,555] - logger.py] - INFO: 请求参数：{'account': '', 'userPwd': 'admin123!@#$'}
[2020-02-26 22:28:23,558] - logger.py] - INFO: --------------------------------------------------------------------------------------------------------------------------------------------------------------------------------------------------------
[2020-02-26 22:28:23,560] - logger.py] - INFO: 期望结果：{'msg': '[account:帐号不能为空]', 'code': 400}
[2020-02-26 22:28:23,563] - logger.py] - INFO: 实际结果：{"success":false,"code":400,"total":null,"page":null,"data":null,"msg":"[account:帐号不能为空]","timestamp":1582727306251,"timestampToDate":"2020-02-26 22:28:26"}
[2020-02-26 22:28:23,566] - logger.py] - INFO: ####################################################################################################测试结束####################################################################################################
[2020-02-26 22:28:23,855] - logger.py] - INFO: ####################################################################################################开始测试####################################################################################################
[2020-02-26 22:28:23,857] - logger.py] - INFO: 用例名字：输入密码为空登陆
[2020-02-26 22:28:23,861] - logger.py] - INFO: 请求接口地址：https://travel-test.wgjev.net/travel/admin/authenticate/login
[2020-02-26 22:28:23,863] - logger.py] - INFO: 请求参数：{'account': '18042477732', 'userPwd': ''}
[2020-02-26 22:28:23,864] - logger.py] - INFO: --------------------------------------------------------------------------------------------------------------------------------------------------------------------------------------------------------
[2020-02-26 22:28:23,865] - logger.py] - INFO: 期望结果：{'msg': '[userPwd:密码不能为空]', 'code': 400}
[2020-02-26 22:28:23,866] - logger.py] - INFO: 实际结果：{"success":false,"code":400,"total":null,"page":null,"data":null,"msg":"[userPwd:密码不能为空]","timestamp":1582727306559,"timestampToDate":"2020-02-26 22:28:26"}
[2020-02-26 22:28:23,868] - logger.py] - INFO: ####################################################################################################测试结束####################################################################################################
[2020-02-26 22:28:24,173] - logger.py] - INFO: ####################################################################################################开始测试####################################################################################################
[2020-02-26 22:28:24,176] - logger.py] - INFO: 用例名字：输入用户名/密码都为空登录
[2020-02-26 22:28:24,177] - logger.py] - INFO: 请求接口地址：https://travel-test.wgjev.net/travel/admin/authenticate/login
[2020-02-26 22:28:24,179] - logger.py] - INFO: 请求参数：{'account': '', 'userPwd': ''}
[2020-02-26 22:28:24,181] - logger.py] - INFO: --------------------------------------------------------------------------------------------------------------------------------------------------------------------------------------------------------
[2020-02-26 22:28:24,183] - logger.py] - INFO: 期望结果：{'msg': ['account:帐号不能为空', 'userPwd:密码不能为空'], 'code': 400, 'success': False}
[2020-02-26 22:28:24,185] - logger.py] - INFO: 实际结果：{"success":false,"code":400,"total":null,"page":null,"data":null,"msg":"[userPwd:密码不能为空, account:帐号不能为空]","timestamp":1582727306873,"timestampToDate":"2020-02-26 22:28:26"}
[2020-02-26 22:28:24,187] - logger.py] - INFO: ####################################################################################################测试结束####################################################################################################
[2020-02-26 22:59:36,462] - logger.py] - INFO: ####################################################################################################开始测试####################################################################################################
[2020-02-26 22:59:36,465] - logger.py] - INFO: 用例名字：正常登录
[2020-02-26 22:59:36,469] - logger.py] - INFO: 请求接口地址：https://travel-test.wgjev.net/travel/admin/authenticate/login
[2020-02-26 22:59:36,472] - logger.py] - INFO: 请求参数：{'account': '18042477732', 'userPwd': 'admin123!@#$'}
[2020-02-26 22:59:36,475] - logger.py] - INFO: --------------------------------------------------------------------------------------------------------------------------------------------------------------------------------------------------------
[2020-02-26 22:59:36,477] - logger.py] - INFO: 期望结果：{'msg': '登录成功', 'success': True, 'code': 200}
[2020-02-26 22:59:36,480] - logger.py] - INFO: 实际结果：{'success': True, 'code': 200, 'total': None, 'page': None, 'data': None, 'msg': '登录成功', 'timestamp': 1582729179200, 'timestampToDate': '2020-02-26 22:59:39'}
[2020-02-26 22:59:36,483] - logger.py] - INFO: ####################################################################################################测试结束####################################################################################################
[2020-02-26 22:59:36,824] - logger.py] - INFO: ####################################################################################################开始测试####################################################################################################
[2020-02-26 22:59:36,827] - logger.py] - INFO: 用例名字：输入错误的密码登录
[2020-02-26 22:59:36,830] - logger.py] - INFO: 请求接口地址：https://travel-test.wgjev.net/travel/admin/authenticate/login
[2020-02-26 22:59:36,833] - logger.py] - INFO: 请求参数：{'account': '18042477732', 'userPwd': 'admin123!@'}
[2020-02-26 22:59:36,836] - logger.py] - INFO: --------------------------------------------------------------------------------------------------------------------------------------------------------------------------------------------------------
[2020-02-26 22:59:36,839] - logger.py] - INFO: 期望结果：{'msg': '用户名或密码错误', 'code': 401}
[2020-02-26 22:59:36,842] - logger.py] - INFO: 实际结果：{'success': True, 'code': 401, 'total': None, 'page': None, 'data': {'loginErrorCount': 1}, 'msg': '用户名或密码错误', 'timestamp': 1582729179573, 'timestampToDate': '2020-02-26 22:59:39'}
[2020-02-26 22:59:36,845] - logger.py] - INFO: ####################################################################################################测试结束####################################################################################################
[2020-02-26 22:59:37,138] - logger.py] - INFO: ####################################################################################################开始测试####################################################################################################
[2020-02-26 22:59:37,141] - logger.py] - INFO: 用例名字：输入不存在用户名登录
[2020-02-26 22:59:37,144] - logger.py] - INFO: 请求接口地址：https://travel-test.wgjev.net/travel/admin/authenticate/login
[2020-02-26 22:59:37,147] - logger.py] - INFO: 请求参数：{'account': '18042477739', 'userPwd': 'admin123!@#$'}
[2020-02-26 22:59:37,150] - logger.py] - INFO: --------------------------------------------------------------------------------------------------------------------------------------------------------------------------------------------------------
[2020-02-26 22:59:37,154] - logger.py] - INFO: 期望结果：{'msg': '用户名或密码错误', 'code': 401, 'success': True}
[2020-02-26 22:59:37,157] - logger.py] - INFO: 实际结果：{'success': True, 'code': 401, 'total': None, 'page': None, 'data': {'loginErrorCount': 1}, 'msg': '用户名或密码错误', 'timestamp': 1582729179892, 'timestampToDate': '2020-02-26 22:59:39'}
[2020-02-26 22:59:37,160] - logger.py] - INFO: ####################################################################################################测试结束####################################################################################################
[2020-02-26 22:59:37,471] - logger.py] - INFO: ####################################################################################################开始测试####################################################################################################
[2020-02-26 22:59:37,474] - logger.py] - INFO: 用例名字：输入用户名为空登陆
[2020-02-26 22:59:37,477] - logger.py] - INFO: 请求接口地址：https://travel-test.wgjev.net/travel/admin/authenticate/login
[2020-02-26 22:59:37,479] - logger.py] - INFO: 请求参数：{'account': '', 'userPwd': 'admin123!@#$'}
[2020-02-26 22:59:37,482] - logger.py] - INFO: --------------------------------------------------------------------------------------------------------------------------------------------------------------------------------------------------------
[2020-02-26 22:59:37,485] - logger.py] - INFO: 期望结果：{'msg': '[account:帐号不能为空]', 'code': 400}
[2020-02-26 22:59:37,489] - logger.py] - INFO: 实际结果：{'success': False, 'code': 400, 'total': None, 'page': None, 'data': None, 'msg': '[account:帐号不能为空]', 'timestamp': 1582729180226, 'timestampToDate': '2020-02-26 22:59:40'}
[2020-02-26 22:59:37,492] - logger.py] - INFO: ####################################################################################################测试结束####################################################################################################
[2020-02-26 22:59:37,828] - logger.py] - INFO: ####################################################################################################开始测试####################################################################################################
[2020-02-26 22:59:37,831] - logger.py] - INFO: 用例名字：输入密码为空登陆
[2020-02-26 22:59:37,834] - logger.py] - INFO: 请求接口地址：https://travel-test.wgjev.net/travel/admin/authenticate/login
[2020-02-26 22:59:37,838] - logger.py] - INFO: 请求参数：{'account': '18042477732', 'userPwd': ''}
[2020-02-26 22:59:37,841] - logger.py] - INFO: --------------------------------------------------------------------------------------------------------------------------------------------------------------------------------------------------------
[2020-02-26 22:59:37,844] - logger.py] - INFO: 期望结果：{'msg': '[userPwd:密码不能为空]', 'code': 400}
[2020-02-26 22:59:37,847] - logger.py] - INFO: 实际结果：{'success': False, 'code': 400, 'total': None, 'page': None, 'data': None, 'msg': '[userPwd:密码不能为空]', 'timestamp': 1582729180580, 'timestampToDate': '2020-02-26 22:59:40'}
[2020-02-26 22:59:37,850] - logger.py] - INFO: ####################################################################################################测试结束####################################################################################################
[2020-02-26 22:59:38,137] - logger.py] - INFO: ####################################################################################################开始测试####################################################################################################
[2020-02-26 22:59:38,140] - logger.py] - INFO: 用例名字：输入用户名/密码都为空登录
[2020-02-26 22:59:38,142] - logger.py] - INFO: 请求接口地址：https://travel-test.wgjev.net/travel/admin/authenticate/login
[2020-02-26 22:59:38,145] - logger.py] - INFO: 请求参数：{'account': '', 'userPwd': ''}
[2020-02-26 22:59:38,148] - logger.py] - INFO: --------------------------------------------------------------------------------------------------------------------------------------------------------------------------------------------------------
[2020-02-26 22:59:38,151] - logger.py] - INFO: 期望结果：{'msg': ['account:帐号不能为空', 'userPwd:密码不能为空'], 'code': 400, 'success': False}
[2020-02-26 22:59:38,154] - logger.py] - INFO: 实际结果：{'success': False, 'code': 400, 'total': None, 'page': None, 'data': None, 'msg': '[userPwd:密码不能为空, account:帐号不能为空]', 'timestamp': 1582729180893, 'timestampToDate': '2020-02-26 22:59:40'}
[2020-02-26 22:59:38,156] - logger.py] - INFO: ####################################################################################################测试结束####################################################################################################
[2020-02-26 22:59:46,918] - logger.py] - INFO: ####################################################################################################开始测试####################################################################################################
[2020-02-26 22:59:46,921] - logger.py] - INFO: 用例名字：修改密码不输入userId
[2020-02-26 22:59:46,924] - logger.py] - INFO: 请求接口地址：https://travel-test.wgjev.net/travel/admin/basic/sys/user/update/password
[2020-02-26 22:59:46,926] - logger.py] - INFO: 请求参数：{'userId': '', 'oldPassword': 'admin123!@#', 'newPassword': 'admin123!@#$', 'rePassword': 'admin123!@#$'}
[2020-02-26 22:59:46,927] - logger.py] - INFO: --------------------------------------------------------------------------------------------------------------------------------------------------------------------------------------------------------
[2020-02-26 22:59:46,930] - logger.py] - INFO: 期望结果：userId:角色ID不能为空
[2020-02-26 22:59:46,933] - logger.py] - INFO: 实际结果：{'success': True, 'code': 4012, 'total': None, 'page': None, 'data': None, 'msg': '请跳转到登录页面', 'timestamp': 1582729189661, 'timestampToDate': '2020-02-26 22:59:49'}
[2020-02-26 22:59:46,936] - logger.py] - INFO: ####################################################################################################测试结束####################################################################################################
[2020-02-26 22:59:48,131] - logger.py] - INFO: ####################################################################################################开始测试####################################################################################################
[2020-02-26 22:59:48,134] - logger.py] - INFO: 用例名字：修改密码不输入旧密码
[2020-02-26 22:59:48,138] - logger.py] - INFO: 请求接口地址：https://travel-test.wgjev.net/travel/admin/basic/sys/user/update/password
[2020-02-26 22:59:48,141] - logger.py] - INFO: 请求参数：{'userId': 14, 'oldPassword': '', 'newPassword': 'admin123!@#$', 'rePassword': 'admin123!@#$'}
[2020-02-26 22:59:48,144] - logger.py] - INFO: --------------------------------------------------------------------------------------------------------------------------------------------------------------------------------------------------------
[2020-02-26 22:59:48,148] - logger.py] - INFO: 期望结果：oldPassword:旧密码不能为空
[2020-02-26 22:59:48,151] - logger.py] - INFO: 实际结果：{'success': True, 'code': 4012, 'total': None, 'page': None, 'data': None, 'msg': '请跳转到登录页面', 'timestamp': 1582729190881, 'timestampToDate': '2020-02-26 22:59:50'}
[2020-02-26 22:59:48,154] - logger.py] - INFO: ####################################################################################################测试结束####################################################################################################
[2020-02-26 22:59:48,650] - logger.py] - INFO: ####################################################################################################开始测试####################################################################################################
[2020-02-26 22:59:48,653] - logger.py] - INFO: 用例名字：修改密码不输入新密码
[2020-02-26 22:59:48,656] - logger.py] - INFO: 请求接口地址：https://travel-test.wgjev.net/travel/admin/basic/sys/user/update/password
[2020-02-26 22:59:48,661] - logger.py] - INFO: 请求参数：{'userId': 14, 'oldPassword': 'admin123!@#', 'newPassword': '', 'rePassword': 'admin123!@#$'}
[2020-02-26 22:59:48,664] - logger.py] - INFO: --------------------------------------------------------------------------------------------------------------------------------------------------------------------------------------------------------
[2020-02-26 22:59:48,667] - logger.py] - INFO: 期望结果：newPassword:新密码不能为空
[2020-02-26 22:59:48,670] - logger.py] - INFO: 实际结果：{'success': True, 'code': 4012, 'total': None, 'page': None, 'data': None, 'msg': '请跳转到登录页面', 'timestamp': 1582729191399, 'timestampToDate': '2020-02-26 22:59:51'}
[2020-02-26 22:59:48,673] - logger.py] - INFO: ####################################################################################################测试结束####################################################################################################
[2020-02-26 22:59:49,180] - logger.py] - INFO: ####################################################################################################开始测试####################################################################################################
[2020-02-26 22:59:49,184] - logger.py] - INFO: 用例名字：修改密码输入错误的旧密码
[2020-02-26 22:59:49,187] - logger.py] - INFO: 请求接口地址：https://travel-test.wgjev.net/travel/admin/basic/sys/user/update/password
[2020-02-26 22:59:49,191] - logger.py] - INFO: 请求参数：{'userId': 14, 'oldPassword': 'admin123!', 'newPassword': 'admin123!@#$', 'rePassword': 'admin123!@#$'}
[2020-02-26 22:59:49,195] - logger.py] - INFO: --------------------------------------------------------------------------------------------------------------------------------------------------------------------------------------------------------
[2020-02-26 22:59:49,198] - logger.py] - INFO: 期望结果：原密码不正确
[2020-02-26 22:59:49,202] - logger.py] - INFO: 实际结果：{'success': True, 'code': 4012, 'total': None, 'page': None, 'data': None, 'msg': '请跳转到登录页面', 'timestamp': 1582729191922, 'timestampToDate': '2020-02-26 22:59:51'}
[2020-02-26 22:59:49,206] - logger.py] - INFO: ####################################################################################################测试结束####################################################################################################
[2020-02-26 22:59:49,688] - logger.py] - INFO: ####################################################################################################开始测试####################################################################################################
[2020-02-26 22:59:49,691] - logger.py] - INFO: 用例名字：修改密码新密码输入123456
[2020-02-26 22:59:49,694] - logger.py] - INFO: 请求接口地址：https://travel-test.wgjev.net/travel/admin/basic/sys/user/update/password
[2020-02-26 22:59:49,697] - logger.py] - INFO: 请求参数：{'userId': 14, 'oldPassword': 'admin123!@#', 'newPassword': '123456', 'rePassword': '123456'}
[2020-02-26 22:59:49,700] - logger.py] - INFO: --------------------------------------------------------------------------------------------------------------------------------------------------------------------------------------------------------
[2020-02-26 22:59:49,703] - logger.py] - INFO: 期望结果：密码格式错误
[2020-02-26 22:59:49,705] - logger.py] - INFO: 实际结果：{'success': True, 'code': 4012, 'total': None, 'page': None, 'data': None, 'msg': '请跳转到登录页面', 'timestamp': 1582729192439, 'timestampToDate': '2020-02-26 22:59:52'}
[2020-02-26 22:59:49,709] - logger.py] - INFO: ####################################################################################################测试结束####################################################################################################
[2020-02-26 22:59:50,225] - logger.py] - INFO: ####################################################################################################开始测试####################################################################################################
[2020-02-26 22:59:50,227] - logger.py] - INFO: 用例名字：修改密码新密码输入12345678
[2020-02-26 22:59:50,229] - logger.py] - INFO: 请求接口地址：https://travel-test.wgjev.net/travel/admin/basic/sys/user/update/password
[2020-02-26 22:59:50,231] - logger.py] - INFO: 请求参数：{'userId': 14, 'oldPassword': 'admin123!@#', 'newPassword': '12345678', 'rePassword': '12345678'}
[2020-02-26 22:59:50,232] - logger.py] - INFO: --------------------------------------------------------------------------------------------------------------------------------------------------------------------------------------------------------
[2020-02-26 22:59:50,234] - logger.py] - INFO: 期望结果：密码格式错误
[2020-02-26 22:59:50,236] - logger.py] - INFO: 实际结果：{'success': True, 'code': 4012, 'total': None, 'page': None, 'data': None, 'msg': '请跳转到登录页面', 'timestamp': 1582729192973, 'timestampToDate': '2020-02-26 22:59:52'}
[2020-02-26 22:59:50,239] - logger.py] - INFO: ####################################################################################################测试结束####################################################################################################
[2020-02-26 23:03:03,132] - logger.py] - INFO: ####################################################################################################开始测试####################################################################################################
[2020-02-26 23:03:03,136] - logger.py] - INFO: 用例名字：修改密码不输入userId
[2020-02-26 23:03:03,139] - logger.py] - INFO: 请求接口地址：https://travel-test.wgjev.net/travel/admin/basic/sys/user/update/password
[2020-02-26 23:03:03,142] - logger.py] - INFO: 请求参数：{'userId': '', 'oldPassword': 'admin123!@#', 'newPassword': 'admin123!@#$', 'rePassword': 'admin123!@#$'}
[2020-02-26 23:03:03,146] - logger.py] - INFO: --------------------------------------------------------------------------------------------------------------------------------------------------------------------------------------------------------
[2020-02-26 23:03:03,149] - logger.py] - INFO: 期望结果：userId:角色ID不能为空
[2020-02-26 23:03:03,153] - logger.py] - INFO: 实际结果：{'success': False, 'code': 400, 'total': None, 'page': None, 'data': None, 'msg': '[userId:角色ID不能为空]', 'timestamp': 1582729385872, 'timestampToDate': '2020-02-26 23:03:05'}
[2020-02-26 23:03:03,156] - logger.py] - INFO: ####################################################################################################测试结束####################################################################################################
[2020-02-26 23:03:03,473] - logger.py] - INFO: ####################################################################################################开始测试####################################################################################################
[2020-02-26 23:03:03,477] - logger.py] - INFO: 用例名字：修改密码不输入旧密码
[2020-02-26 23:03:03,500] - logger.py] - INFO: 请求接口地址：https://travel-test.wgjev.net/travel/admin/basic/sys/user/update/password
[2020-02-26 23:03:03,503] - logger.py] - INFO: 请求参数：{'userId': 14, 'oldPassword': '', 'newPassword': 'admin123!@#$', 'rePassword': 'admin123!@#$'}
[2020-02-26 23:03:03,508] - logger.py] - INFO: --------------------------------------------------------------------------------------------------------------------------------------------------------------------------------------------------------
[2020-02-26 23:03:03,511] - logger.py] - INFO: 期望结果：oldPassword:旧密码不能为空
[2020-02-26 23:03:03,514] - logger.py] - INFO: 实际结果：{'success': False, 'code': 400, 'total': None, 'page': None, 'data': None, 'msg': '[oldPassword:旧密码不能为空]', 'timestamp': 1582729386220, 'timestampToDate': '2020-02-26 23:03:06'}
[2020-02-26 23:03:03,517] - logger.py] - INFO: ####################################################################################################测试结束####################################################################################################
[2020-02-26 23:03:03,891] - logger.py] - INFO: ####################################################################################################开始测试####################################################################################################
[2020-02-26 23:03:03,894] - logger.py] - INFO: 用例名字：修改密码不输入新密码
[2020-02-26 23:03:03,896] - logger.py] - INFO: 请求接口地址：https://travel-test.wgjev.net/travel/admin/basic/sys/user/update/password
[2020-02-26 23:03:03,898] - logger.py] - INFO: 请求参数：{'userId': 14, 'oldPassword': 'admin123!@#', 'newPassword': '', 'rePassword': 'admin123!@#$'}
[2020-02-26 23:03:03,900] - logger.py] - INFO: --------------------------------------------------------------------------------------------------------------------------------------------------------------------------------------------------------
[2020-02-26 23:03:03,903] - logger.py] - INFO: 期望结果：newPassword:新密码不能为空
[2020-02-26 23:03:03,905] - logger.py] - INFO: 实际结果：{'success': False, 'code': 400, 'total': None, 'page': None, 'data': None, 'msg': '[newPassword:新密码不能为空]', 'timestamp': 1582729386641, 'timestampToDate': '2020-02-26 23:03:06'}
[2020-02-26 23:03:03,907] - logger.py] - INFO: ####################################################################################################测试结束####################################################################################################
[2020-02-26 23:03:04,279] - logger.py] - INFO: ####################################################################################################开始测试####################################################################################################
[2020-02-26 23:03:04,284] - logger.py] - INFO: 用例名字：修改密码输入错误的旧密码
[2020-02-26 23:03:04,288] - logger.py] - INFO: 请求接口地址：https://travel-test.wgjev.net/travel/admin/basic/sys/user/update/password
[2020-02-26 23:03:04,292] - logger.py] - INFO: 请求参数：{'userId': 14, 'oldPassword': 'admin123!', 'newPassword': 'admin123!@#$', 'rePassword': 'admin123!@#$'}
[2020-02-26 23:03:04,301] - logger.py] - INFO: --------------------------------------------------------------------------------------------------------------------------------------------------------------------------------------------------------
[2020-02-26 23:03:04,304] - logger.py] - INFO: 期望结果：原密码不正确
[2020-02-26 23:03:04,306] - logger.py] - INFO: 实际结果：{'success': False, 'code': None, 'total': None, 'page': None, 'data': None, 'msg': '原密码不正确', 'timestamp': 1582729386999, 'timestampToDate': '2020-02-26 23:03:06'}
[2020-02-26 23:03:04,311] - logger.py] - INFO: ####################################################################################################测试结束####################################################################################################
[2020-02-26 23:03:04,631] - logger.py] - INFO: ####################################################################################################开始测试####################################################################################################
[2020-02-26 23:03:04,638] - logger.py] - INFO: 用例名字：修改密码新密码输入123456
[2020-02-26 23:03:04,639] - logger.py] - INFO: 请求接口地址：https://travel-test.wgjev.net/travel/admin/basic/sys/user/update/password
[2020-02-26 23:03:04,642] - logger.py] - INFO: 请求参数：{'userId': 14, 'oldPassword': 'admin123!@#', 'newPassword': '123456', 'rePassword': '123456'}
[2020-02-26 23:03:04,645] - logger.py] - INFO: --------------------------------------------------------------------------------------------------------------------------------------------------------------------------------------------------------
[2020-02-26 23:03:04,647] - logger.py] - INFO: 期望结果：密码格式错误
[2020-02-26 23:03:04,650] - logger.py] - INFO: 实际结果：{'success': False, 'code': None, 'total': None, 'page': None, 'data': None, 'msg': '密码格式错误(8-20位，必须包含大写字母、小写字母、数字、特殊符号三种以上)', 'timestamp': 1582729387379, 'timestampToDate': '2020-02-26 23:03:07'}
[2020-02-26 23:03:04,652] - logger.py] - INFO: ####################################################################################################测试结束####################################################################################################
[2020-02-26 23:03:04,965] - logger.py] - INFO: ####################################################################################################开始测试####################################################################################################
[2020-02-26 23:03:04,968] - logger.py] - INFO: 用例名字：修改密码新密码输入12345678
[2020-02-26 23:03:04,970] - logger.py] - INFO: 请求接口地址：https://travel-test.wgjev.net/travel/admin/basic/sys/user/update/password
[2020-02-26 23:03:04,972] - logger.py] - INFO: 请求参数：{'userId': 14, 'oldPassword': 'admin123!@#', 'newPassword': '12345678', 'rePassword': '12345678'}
[2020-02-26 23:03:04,974] - logger.py] - INFO: --------------------------------------------------------------------------------------------------------------------------------------------------------------------------------------------------------
[2020-02-26 23:03:04,976] - logger.py] - INFO: 期望结果：密码格式错误
[2020-02-26 23:03:04,978] - logger.py] - INFO: 实际结果：{'success': False, 'code': None, 'total': None, 'page': None, 'data': None, 'msg': '密码格式错误(8-20位，必须包含大写字母、小写字母、数字、特殊符号三种以上)', 'timestamp': 1582729387703, 'timestampToDate': '2020-02-26 23:03:07'}
[2020-02-26 23:03:04,981] - logger.py] - INFO: ####################################################################################################测试结束####################################################################################################
[2020-02-26 23:03:46,305] - logger.py] - INFO: ####################################################################################################开始测试####################################################################################################
[2020-02-26 23:03:46,307] - logger.py] - INFO: 用例名字：正常登录
[2020-02-26 23:03:46,309] - logger.py] - INFO: 请求接口地址：https://travel-test.wgjev.net/travel/admin/authenticate/login
[2020-02-26 23:03:46,311] - logger.py] - INFO: 请求参数：{'account': '18042477732', 'userPwd': 'admin123!@#$'}
[2020-02-26 23:03:46,313] - logger.py] - INFO: --------------------------------------------------------------------------------------------------------------------------------------------------------------------------------------------------------
[2020-02-26 23:03:46,315] - logger.py] - INFO: 期望结果：{'msg': '登录成功', 'success': True, 'code': 200}
[2020-02-26 23:03:46,316] - logger.py] - INFO: 实际结果：{"success":true,"code":200,"total":null,"page":null,"data":null,"msg":"登录成功","timestamp":1582729429061,"timestampToDate":"2020-02-26 23:03:49"}
[2020-02-26 23:03:46,318] - logger.py] - INFO: ####################################################################################################测试结束####################################################################################################
[2020-02-26 23:03:46,638] - logger.py] - INFO: ####################################################################################################开始测试####################################################################################################
[2020-02-26 23:03:46,641] - logger.py] - INFO: 用例名字：输入错误的密码登录
[2020-02-26 23:03:46,643] - logger.py] - INFO: 请求接口地址：https://travel-test.wgjev.net/travel/admin/authenticate/login
[2020-02-26 23:03:46,644] - logger.py] - INFO: 请求参数：{'account': '18042477732', 'userPwd': 'admin123!@'}
[2020-02-26 23:03:46,646] - logger.py] - INFO: --------------------------------------------------------------------------------------------------------------------------------------------------------------------------------------------------------
[2020-02-26 23:03:46,648] - logger.py] - INFO: 期望结果：{'msg': '用户名或密码错误', 'code': 401}
[2020-02-26 23:03:46,650] - logger.py] - INFO: 实际结果：{"success":true,"code":401,"total":null,"page":null,"data":{"loginErrorCount":1},"msg":"用户名或密码错误","timestamp":1582729429394,"timestampToDate":"2020-02-26 23:03:49"}
[2020-02-26 23:03:46,651] - logger.py] - INFO: ####################################################################################################测试结束####################################################################################################
[2020-02-26 23:03:46,938] - logger.py] - INFO: ####################################################################################################开始测试####################################################################################################
[2020-02-26 23:03:46,940] - logger.py] - INFO: 用例名字：输入不存在用户名登录
[2020-02-26 23:03:46,942] - logger.py] - INFO: 请求接口地址：https://travel-test.wgjev.net/travel/admin/authenticate/login
[2020-02-26 23:03:46,944] - logger.py] - INFO: 请求参数：{'account': '18042477739', 'userPwd': 'admin123!@#$'}
[2020-02-26 23:03:46,945] - logger.py] - INFO: --------------------------------------------------------------------------------------------------------------------------------------------------------------------------------------------------------
[2020-02-26 23:03:46,947] - logger.py] - INFO: 期望结果：{'msg': '用户名或密码错误', 'code': 401, 'success': True}
[2020-02-26 23:03:46,949] - logger.py] - INFO: 实际结果：{"success":true,"code":401,"total":null,"page":null,"data":{"loginErrorCount":1},"msg":"用户名或密码错误","timestamp":1582729429698,"timestampToDate":"2020-02-26 23:03:49"}
[2020-02-26 23:03:46,951] - logger.py] - INFO: ####################################################################################################测试结束####################################################################################################
[2020-02-26 23:03:47,255] - logger.py] - INFO: ####################################################################################################开始测试####################################################################################################
[2020-02-26 23:03:47,257] - logger.py] - INFO: 用例名字：输入用户名为空登陆
[2020-02-26 23:03:47,258] - logger.py] - INFO: 请求接口地址：https://travel-test.wgjev.net/travel/admin/authenticate/login
[2020-02-26 23:03:47,260] - logger.py] - INFO: 请求参数：{'account': '', 'userPwd': 'admin123!@#$'}
[2020-02-26 23:03:47,261] - logger.py] - INFO: --------------------------------------------------------------------------------------------------------------------------------------------------------------------------------------------------------
[2020-02-26 23:03:47,262] - logger.py] - INFO: 期望结果：{'msg': '[account:帐号不能为空]', 'code': 400}
[2020-02-26 23:03:47,264] - logger.py] - INFO: 实际结果：{"success":false,"code":400,"total":null,"page":null,"data":null,"msg":"[account:帐号不能为空]","timestamp":1582729430011,"timestampToDate":"2020-02-26 23:03:50"}
[2020-02-26 23:03:47,265] - logger.py] - INFO: ####################################################################################################测试结束####################################################################################################
[2020-02-26 23:03:47,599] - logger.py] - INFO: ####################################################################################################开始测试####################################################################################################
[2020-02-26 23:03:47,603] - logger.py] - INFO: 用例名字：输入密码为空登陆
[2020-02-26 23:03:47,606] - logger.py] - INFO: 请求接口地址：https://travel-test.wgjev.net/travel/admin/authenticate/login
[2020-02-26 23:03:47,609] - logger.py] - INFO: 请求参数：{'account': '18042477732', 'userPwd': ''}
[2020-02-26 23:03:47,613] - logger.py] - INFO: --------------------------------------------------------------------------------------------------------------------------------------------------------------------------------------------------------
[2020-02-26 23:03:47,616] - logger.py] - INFO: 期望结果：{'msg': '[userPwd:密码不能为空]', 'code': 400}
[2020-02-26 23:03:47,619] - logger.py] - INFO: 实际结果：{"success":false,"code":400,"total":null,"page":null,"data":null,"msg":"[userPwd:密码不能为空]","timestamp":1582729430355,"timestampToDate":"2020-02-26 23:03:50"}
[2020-02-26 23:03:47,622] - logger.py] - INFO: ####################################################################################################测试结束####################################################################################################
[2020-02-26 23:03:47,961] - logger.py] - INFO: ####################################################################################################开始测试####################################################################################################
[2020-02-26 23:03:47,965] - logger.py] - INFO: 用例名字：输入用户名/密码都为空登录
[2020-02-26 23:03:47,968] - logger.py] - INFO: 请求接口地址：https://travel-test.wgjev.net/travel/admin/authenticate/login
[2020-02-26 23:03:47,972] - logger.py] - INFO: 请求参数：{'account': '', 'userPwd': ''}
[2020-02-26 23:03:47,975] - logger.py] - INFO: --------------------------------------------------------------------------------------------------------------------------------------------------------------------------------------------------------
[2020-02-26 23:03:47,978] - logger.py] - INFO: 期望结果：{'msg': ['account:帐号不能为空', 'userPwd:密码不能为空'], 'code': 400, 'success': False}
[2020-02-26 23:03:47,981] - logger.py] - INFO: 实际结果：{"success":false,"code":400,"total":null,"page":null,"data":null,"msg":"[userPwd:密码不能为空, account:帐号不能为空]","timestamp":1582729430711,"timestampToDate":"2020-02-26 23:03:50"}
[2020-02-26 23:03:47,985] - logger.py] - INFO: ####################################################################################################测试结束####################################################################################################
[2020-02-26 23:03:56,339] - logger.py] - INFO: ####################################################################################################开始测试####################################################################################################
[2020-02-26 23:03:56,341] - logger.py] - INFO: 用例名字：修改密码不输入userId
[2020-02-26 23:03:56,342] - logger.py] - INFO: 请求接口地址：https://travel-test.wgjev.net/travel/admin/basic/sys/user/update/password
[2020-02-26 23:03:56,344] - logger.py] - INFO: 请求参数：{'userId': '', 'oldPassword': 'admin123!@#', 'newPassword': 'admin123!@#$', 'rePassword': 'admin123!@#$'}
[2020-02-26 23:03:56,347] - logger.py] - INFO: --------------------------------------------------------------------------------------------------------------------------------------------------------------------------------------------------------
[2020-02-26 23:03:56,350] - logger.py] - INFO: 期望结果：userId:角色ID不能为空
[2020-02-26 23:03:56,353] - logger.py] - INFO: 实际结果：{'success': False, 'code': 400, 'total': None, 'page': None, 'data': None, 'msg': '[userId:角色ID不能为空]', 'timestamp': 1582729439089, 'timestampToDate': '2020-02-26 23:03:59'}
[2020-02-26 23:03:56,356] - logger.py] - INFO: ####################################################################################################测试结束####################################################################################################
[2020-02-26 23:03:56,724] - logger.py] - INFO: ####################################################################################################开始测试####################################################################################################
[2020-02-26 23:03:56,727] - logger.py] - INFO: 用例名字：修改密码不输入旧密码
[2020-02-26 23:03:56,729] - logger.py] - INFO: 请求接口地址：https://travel-test.wgjev.net/travel/admin/basic/sys/user/update/password
[2020-02-26 23:03:56,732] - logger.py] - INFO: 请求参数：{'userId': 14, 'oldPassword': '', 'newPassword': 'admin123!@#$', 'rePassword': 'admin123!@#$'}
[2020-02-26 23:03:56,735] - logger.py] - INFO: --------------------------------------------------------------------------------------------------------------------------------------------------------------------------------------------------------
[2020-02-26 23:03:56,739] - logger.py] - INFO: 期望结果：oldPassword:旧密码不能为空
[2020-02-26 23:03:56,742] - logger.py] - INFO: 实际结果：{'success': False, 'code': 400, 'total': None, 'page': None, 'data': None, 'msg': '[oldPassword:旧密码不能为空]', 'timestamp': 1582729439472, 'timestampToDate': '2020-02-26 23:03:59'}
[2020-02-26 23:03:56,745] - logger.py] - INFO: ####################################################################################################测试结束####################################################################################################
[2020-02-26 23:03:57,077] - logger.py] - INFO: ####################################################################################################开始测试####################################################################################################
[2020-02-26 23:03:57,081] - logger.py] - INFO: 用例名字：修改密码不输入新密码
[2020-02-26 23:03:57,085] - logger.py] - INFO: 请求接口地址：https://travel-test.wgjev.net/travel/admin/basic/sys/user/update/password
[2020-02-26 23:03:57,088] - logger.py] - INFO: 请求参数：{'userId': 14, 'oldPassword': 'admin123!@#', 'newPassword': '', 'rePassword': 'admin123!@#$'}
[2020-02-26 23:03:57,092] - logger.py] - INFO: --------------------------------------------------------------------------------------------------------------------------------------------------------------------------------------------------------
[2020-02-26 23:03:57,096] - logger.py] - INFO: 期望结果：newPassword:新密码不能为空
[2020-02-26 23:03:57,099] - logger.py] - INFO: 实际结果：{'success': False, 'code': 400, 'total': None, 'page': None, 'data': None, 'msg': '[newPassword:新密码不能为空]', 'timestamp': 1582729439831, 'timestampToDate': '2020-02-26 23:03:59'}
[2020-02-26 23:03:57,101] - logger.py] - INFO: ####################################################################################################测试结束####################################################################################################
[2020-02-26 23:03:57,452] - logger.py] - INFO: ####################################################################################################开始测试####################################################################################################
[2020-02-26 23:03:57,457] - logger.py] - INFO: 用例名字：修改密码输入错误的旧密码
[2020-02-26 23:03:57,458] - logger.py] - INFO: 请求接口地址：https://travel-test.wgjev.net/travel/admin/basic/sys/user/update/password
[2020-02-26 23:03:57,460] - logger.py] - INFO: 请求参数：{'userId': 14, 'oldPassword': 'admin123!', 'newPassword': 'admin123!@#$', 'rePassword': 'admin123!@#$'}
[2020-02-26 23:03:57,463] - logger.py] - INFO: --------------------------------------------------------------------------------------------------------------------------------------------------------------------------------------------------------
[2020-02-26 23:03:57,466] - logger.py] - INFO: 期望结果：原密码不正确
[2020-02-26 23:03:57,469] - logger.py] - INFO: 实际结果：{'success': False, 'code': None, 'total': None, 'page': None, 'data': None, 'msg': '原密码不正确', 'timestamp': 1582729440201, 'timestampToDate': '2020-02-26 23:04:00'}
[2020-02-26 23:03:57,472] - logger.py] - INFO: ####################################################################################################测试结束####################################################################################################
[2020-02-26 23:03:57,776] - logger.py] - INFO: ####################################################################################################开始测试####################################################################################################
[2020-02-26 23:03:57,780] - logger.py] - INFO: 用例名字：修改密码新密码输入123456
[2020-02-26 23:03:57,783] - logger.py] - INFO: 请求接口地址：https://travel-test.wgjev.net/travel/admin/basic/sys/user/update/password
[2020-02-26 23:03:57,788] - logger.py] - INFO: 请求参数：{'userId': 14, 'oldPassword': 'admin123!@#', 'newPassword': '123456', 'rePassword': '123456'}
[2020-02-26 23:03:57,792] - logger.py] - INFO: --------------------------------------------------------------------------------------------------------------------------------------------------------------------------------------------------------
[2020-02-26 23:03:57,795] - logger.py] - INFO: 期望结果：密码格式错误
[2020-02-26 23:03:57,798] - logger.py] - INFO: 实际结果：{'success': False, 'code': None, 'total': None, 'page': None, 'data': None, 'msg': '密码格式错误(8-20位，必须包含大写字母、小写字母、数字、特殊符号三种以上)', 'timestamp': 1582729440525, 'timestampToDate': '2020-02-26 23:04:00'}
[2020-02-26 23:03:57,802] - logger.py] - INFO: ####################################################################################################测试结束####################################################################################################
[2020-02-26 23:03:58,140] - logger.py] - INFO: ####################################################################################################开始测试####################################################################################################
[2020-02-26 23:03:58,142] - logger.py] - INFO: 用例名字：修改密码新密码输入12345678
[2020-02-26 23:03:58,144] - logger.py] - INFO: 请求接口地址：https://travel-test.wgjev.net/travel/admin/basic/sys/user/update/password
[2020-02-26 23:03:58,146] - logger.py] - INFO: 请求参数：{'userId': 14, 'oldPassword': 'admin123!@#', 'newPassword': '12345678', 'rePassword': '12345678'}
[2020-02-26 23:03:58,148] - logger.py] - INFO: --------------------------------------------------------------------------------------------------------------------------------------------------------------------------------------------------------
[2020-02-26 23:03:58,152] - logger.py] - INFO: 期望结果：密码格式错误
[2020-02-26 23:03:58,156] - logger.py] - INFO: 实际结果：{'success': False, 'code': None, 'total': None, 'page': None, 'data': None, 'msg': '密码格式错误(8-20位，必须包含大写字母、小写字母、数字、特殊符号三种以上)', 'timestamp': 1582729440882, 'timestampToDate': '2020-02-26 23:04:00'}
[2020-02-26 23:03:58,158] - logger.py] - INFO: ####################################################################################################测试结束####################################################################################################
